{"/home/travis/build/npmtest/node-npmtest-runjs/test.js":{"path":"/home/travis/build/npmtest/node-npmtest-runjs/test.js","s":{"1":2,"2":2,"3":2,"4":2,"5":2,"6":2,"7":2,"8":1,"9":2,"10":2,"11":1,"12":1,"13":1,"14":1,"15":2,"16":2,"17":2,"18":2,"19":1,"20":1,"21":2,"22":2,"23":2,"24":1,"25":1,"26":1,"27":1,"28":1,"29":1,"30":1,"31":1,"32":1,"33":1,"34":1,"35":1,"36":1,"37":1,"38":1,"39":2,"40":2,"41":1,"42":2,"43":2,"44":1,"45":2,"46":2,"47":1,"48":2,"49":2,"50":1,"51":1,"52":1,"53":1,"54":1},"b":{"1":[2,1,1,1],"2":[1,1,1,1],"3":[1,1],"4":[1,1],"5":[1,1],"6":[1,1],"7":[1,1],"8":[1,1],"9":[1,1],"10":[1,1,1],"11":[1,1],"12":[1,1],"13":[1,1],"14":[1,1],"15":[1,1],"16":[1,1],"17":[1,1]},"f":{"1":2,"2":2,"3":2,"4":2,"5":2,"6":1,"7":1,"8":1,"9":2,"10":2,"11":2,"12":2,"13":1},"fnMap":{"1":{"name":"(anonymous_1)","line":12,"loc":{"start":{"line":12,"column":1},"end":{"line":12,"column":13}}},"2":{"name":"(anonymous_2)","line":19,"loc":{"start":{"line":19,"column":5},"end":{"line":19,"column":17}}},"3":{"name":"(anonymous_3)","line":23,"loc":{"start":{"line":23,"column":24},"end":{"line":23,"column":36}}},"4":{"name":"(anonymous_4)","line":61,"loc":{"start":{"line":61,"column":5},"end":{"line":61,"column":17}}},"5":{"name":"(anonymous_5)","line":82,"loc":{"start":{"line":82,"column":5},"end":{"line":82,"column":17}}},"6":{"name":"(anonymous_6)","line":91,"loc":{"start":{"line":91,"column":77},"end":{"line":94,"column":10}}},"7":{"name":"(anonymous_7)","line":112,"loc":{"start":{"line":112,"column":83},"end":{"line":115,"column":10}},"skip":true},"8":{"name":"(anonymous_8)","line":123,"loc":{"start":{"line":123,"column":77},"end":{"line":126,"column":10}},"skip":true},"9":{"name":"(anonymous_9)","line":139,"loc":{"start":{"line":139,"column":12},"end":{"line":139,"column":40}},"skip":true},"10":{"name":"(anonymous_10)","line":147,"loc":{"start":{"line":147,"column":77},"end":{"line":150,"column":10}},"skip":true},"11":{"name":"(anonymous_11)","line":158,"loc":{"start":{"line":158,"column":83},"end":{"line":161,"column":10}},"skip":true},"12":{"name":"(anonymous_12)","line":169,"loc":{"start":{"line":169,"column":79},"end":{"line":172,"column":10}},"skip":true},"13":{"name":"(anonymous_13)","line":180,"loc":{"start":{"line":180,"column":75},"end":{"line":183,"column":10}},"skip":true}},"statementMap":{"1":{"start":{"line":12,"column":0},"end":{"line":195,"column":5}},"2":{"start":{"line":14,"column":4},"end":{"line":14,"column":14}},"3":{"start":{"line":19,"column":4},"end":{"line":56,"column":9}},"4":{"start":{"line":21,"column":8},"end":{"line":21,"column":19}},"5":{"start":{"line":23,"column":8},"end":{"line":35,"column":13}},"6":{"start":{"line":24,"column":12},"end":{"line":34,"column":13}},"7":{"start":{"line":25,"column":16},"end":{"line":28,"column":30}},"8":{"start":{"line":30,"column":16},"end":{"line":33,"column":27}},"9":{"start":{"line":37,"column":8},"end":{"line":39,"column":21}},"10":{"start":{"line":40,"column":8},"end":{"line":53,"column":9}},"11":{"start":{"line":43,"column":12},"end":{"line":46,"column":14}},"12":{"start":{"line":47,"column":12},"end":{"line":47,"column":18}},"13":{"start":{"line":50,"column":12},"end":{"line":51,"column":33}},"14":{"start":{"line":52,"column":12},"end":{"line":52,"column":18}},"15":{"start":{"line":55,"column":8},"end":{"line":55,"column":35}},"16":{"start":{"line":61,"column":4},"end":{"line":63,"column":9}},"17":{"start":{"line":62,"column":8},"end":{"line":62,"column":15}},"18":{"start":{"line":64,"column":4},"end":{"line":77,"column":5}},"19":{"start":{"line":70,"column":8},"end":{"line":70,"column":14}},"20":{"start":{"line":76,"column":8},"end":{"line":76,"column":14}},"21":{"start":{"line":82,"column":4},"end":{"line":84,"column":9}},"22":{"start":{"line":83,"column":8},"end":{"line":83,"column":15}},"23":{"start":{"line":85,"column":4},"end":{"line":194,"column":5}},"24":{"start":{"line":91,"column":8},"end":{"line":99,"column":10}},"25":{"start":{"line":98,"column":12},"end":{"line":98,"column":35}},"26":{"start":{"line":102,"column":8},"end":{"line":104,"column":63}},"27":{"start":{"line":105,"column":8},"end":{"line":105,"column":14}},"28":{"start":{"line":112,"column":8},"end":{"line":121,"column":10},"skip":true},"29":{"start":{"line":119,"column":12},"end":{"line":119,"column":55},"skip":true},"30":{"start":{"line":120,"column":12},"end":{"line":120,"column":48},"skip":true},"31":{"start":{"line":123,"column":8},"end":{"line":136,"column":10},"skip":true},"32":{"start":{"line":130,"column":12},"end":{"line":130,"column":76},"skip":true},"33":{"start":{"line":131,"column":12},"end":{"line":131,"column":73},"skip":true},"34":{"start":{"line":132,"column":12},"end":{"line":132,"column":74},"skip":true},"35":{"start":{"line":133,"column":12},"end":{"line":133,"column":79},"skip":true},"36":{"start":{"line":134,"column":12},"end":{"line":134,"column":25},"skip":true},"37":{"start":{"line":135,"column":12},"end":{"line":135,"column":45},"skip":true},"38":{"start":{"line":138,"column":8},"end":{"line":145,"column":14},"skip":true},"39":{"start":{"line":143,"column":16},"end":{"line":143,"column":29},"skip":true},"40":{"start":{"line":144,"column":16},"end":{"line":144,"column":55},"skip":true},"41":{"start":{"line":147,"column":8},"end":{"line":156,"column":10},"skip":true},"42":{"start":{"line":154,"column":12},"end":{"line":154,"column":25},"skip":true},"43":{"start":{"line":155,"column":12},"end":{"line":155,"column":45},"skip":true},"44":{"start":{"line":158,"column":8},"end":{"line":167,"column":10},"skip":true},"45":{"start":{"line":165,"column":12},"end":{"line":165,"column":25},"skip":true},"46":{"start":{"line":166,"column":12},"end":{"line":166,"column":48},"skip":true},"47":{"start":{"line":169,"column":8},"end":{"line":178,"column":10},"skip":true},"48":{"start":{"line":176,"column":12},"end":{"line":176,"column":25},"skip":true},"49":{"start":{"line":177,"column":12},"end":{"line":177,"column":46},"skip":true},"50":{"start":{"line":180,"column":8},"end":{"line":189,"column":10},"skip":true},"51":{"start":{"line":187,"column":12},"end":{"line":187,"column":94},"skip":true},"52":{"start":{"line":188,"column":12},"end":{"line":188,"column":48},"skip":true},"53":{"start":{"line":192,"column":8},"end":{"line":192,"column":35},"skip":true},"54":{"start":{"line":193,"column":8},"end":{"line":193,"column":14},"skip":true}},"branchMap":{"1":{"line":25,"type":"binary-expr","locations":[{"start":{"line":25,"column":23},"end":{"line":25,"column":62}},{"start":{"line":26,"column":20},"end":{"line":26,"column":70}},{"start":{"line":27,"column":20},"end":{"line":27,"column":71}},{"start":{"line":28,"column":20},"end":{"line":28,"column":29}}]},"2":{"line":30,"type":"binary-expr","locations":[{"start":{"line":30,"column":23},"end":{"line":30,"column":37}},{"start":{"line":31,"column":20},"end":{"line":31,"column":61}},{"start":{"line":32,"column":20},"end":{"line":32,"column":70}},{"start":{"line":33,"column":20},"end":{"line":33,"column":26}}]},"3":{"line":37,"type":"cond-expr","locations":[{"start":{"line":38,"column":14},"end":{"line":38,"column":20}},{"start":{"line":39,"column":14},"end":{"line":39,"column":20}}]},"4":{"line":40,"type":"switch","locations":[{"start":{"line":42,"column":8},"end":{"line":47,"column":18}},{"start":{"line":49,"column":8},"end":{"line":52,"column":18}}]},"5":{"line":44,"type":"binary-expr","locations":[{"start":{"line":44,"column":16},"end":{"line":44,"column":44}},{"start":{"line":44,"column":48},"end":{"line":44,"column":66}}]},"6":{"line":50,"type":"binary-expr","locations":[{"start":{"line":50,"column":21},"end":{"line":50,"column":49}},{"start":{"line":50,"column":53},"end":{"line":50,"column":72}}]},"7":{"line":64,"type":"switch","locations":[{"start":{"line":69,"column":4},"end":{"line":70,"column":14}},{"start":{"line":75,"column":4},"end":{"line":76,"column":14}}]},"8":{"line":85,"type":"switch","locations":[{"start":{"line":90,"column":4},"end":{"line":105,"column":14}},{"start":{"line":111,"column":4},"end":{"line":193,"column":14},"skip":true}]},"9":{"line":91,"type":"binary-expr","locations":[{"start":{"line":91,"column":42},"end":{"line":91,"column":73}},{"start":{"line":91,"column":77},"end":{"line":99,"column":9}}]},"10":{"line":102,"type":"binary-expr","locations":[{"start":{"line":102,"column":18},"end":{"line":102,"column":32}},{"start":{"line":103,"column":12},"end":{"line":103,"column":53}},{"start":{"line":104,"column":12},"end":{"line":104,"column":61}}]},"11":{"line":112,"type":"binary-expr","locations":[{"start":{"line":112,"column":45},"end":{"line":112,"column":79},"skip":true},{"start":{"line":112,"column":83},"end":{"line":121,"column":9},"skip":true}]},"12":{"line":123,"type":"binary-expr","locations":[{"start":{"line":123,"column":42},"end":{"line":123,"column":73},"skip":true},{"start":{"line":123,"column":77},"end":{"line":136,"column":9},"skip":true}]},"13":{"line":138,"type":"binary-expr","locations":[{"start":{"line":138,"column":48},"end":{"line":138,"column":85},"skip":true},{"start":{"line":139,"column":12},"end":{"line":145,"column":13},"skip":true}]},"14":{"line":147,"type":"binary-expr","locations":[{"start":{"line":147,"column":42},"end":{"line":147,"column":73},"skip":true},{"start":{"line":147,"column":77},"end":{"line":156,"column":9},"skip":true}]},"15":{"line":158,"type":"binary-expr","locations":[{"start":{"line":158,"column":45},"end":{"line":158,"column":79},"skip":true},{"start":{"line":158,"column":83},"end":{"line":167,"column":9},"skip":true}]},"16":{"line":169,"type":"binary-expr","locations":[{"start":{"line":169,"column":43},"end":{"line":169,"column":75},"skip":true},{"start":{"line":169,"column":79},"end":{"line":178,"column":9},"skip":true}]},"17":{"line":180,"type":"binary-expr","locations":[{"start":{"line":180,"column":41},"end":{"line":180,"column":71},"skip":true},{"start":{"line":180,"column":75},"end":{"line":189,"column":9},"skip":true}]}},"code":["/* istanbul instrument in package npmtest_runjs */","/*jslint","    bitwise: true,","    browser: true,","    maxerr: 8,","    maxlen: 96,","    node: true,","    nomen: true,","    regexp: true,","    stupid: true","*/","(function () {","    'use strict';","    var local;","","","","    // run shared js-env code - init-before","    (function () {","        // init local","        local = {};","        // init modeJs","        local.modeJs = (function () {","            try {","                return typeof navigator.userAgent === 'string' &&","                    typeof document.querySelector('body') === 'object' &&","                    typeof XMLHttpRequest.prototype.open === 'function' &&","                    'browser';","            } catch (errorCaughtBrowser) {","                return module.exports &&","                    typeof process.versions.node === 'string' &&","                    typeof require('http').createServer === 'function' &&","                    'node';","            }","        }());","        // init global","        local.global = local.modeJs === 'browser'","            ? window","            : global;","        switch (local.modeJs) {","        // re-init local from window.local","        case 'browser':","            local = local.global.utility2.objectSetDefault(","                local.global.utility2_rollup || local.global.local,","                local.global.utility2","            );","            break;","        // re-init local from example.js","        case 'node':","            local = (local.global.utility2_rollup || require('utility2'))","                .requireReadme();","            break;","        }","        // export local","        local.global.local = local;","    }());","","","","    // run shared js-env code - function","    (function () {","        return;","    }());","    switch (local.modeJs) {","","","","    // run browser js-env code - function","    case 'browser':","        break;","","","","    // run node js-env code - function","    case 'node':","        break;","    }","","","","    // run shared js-env code - init-after","    (function () {","        return;","    }());","    switch (local.modeJs) {","","","","    // run browser js-env code - init-after","    case 'browser':","        local.testCase_browser_nullCase = local.testCase_browser_nullCase || function (","            options,","            onError","        ) {","        /*","         * this function will test browsers's null-case handling-behavior-behavior","         */","            onError(null, options);","        };","","        // run tests","        local.nop(local.modeTest &&","            document.querySelector('#testRunButton1') &&","            document.querySelector('#testRunButton1').click());","        break;","","","","    // run node js-env code - init-after","    /* istanbul ignore next */","    case 'node':","        local.testCase_buildApidoc_default = local.testCase_buildApidoc_default || function (","            options,","            onError","        ) {","        /*","         * this function will test buildApidoc's default handling-behavior-behavior","         */","            options = { modulePathList: module.paths };","            local.buildApidoc(options, onError);","        };","","        local.testCase_buildApp_default = local.testCase_buildApp_default || function (","            options,","            onError","        ) {","        /*","         * this function will test buildApp's default handling-behavior-behavior","         */","            local.testCase_buildReadme_default(options, local.onErrorThrow);","            local.testCase_buildLib_default(options, local.onErrorThrow);","            local.testCase_buildTest_default(options, local.onErrorThrow);","            local.testCase_buildCustomOrg_default(options, local.onErrorThrow);","            options = [];","            local.buildApp(options, onError);","        };","","        local.testCase_buildCustomOrg_default = local.testCase_buildCustomOrg_default ||","            function (options, onError) {","            /*","             * this function will test buildCustomOrg's default handling-behavior","             */","                options = {};","                local.buildCustomOrg(options, onError);","            };","","        local.testCase_buildLib_default = local.testCase_buildLib_default || function (","            options,","            onError","        ) {","        /*","         * this function will test buildLib's default handling-behavior","         */","            options = {};","            local.buildLib(options, onError);","        };","","        local.testCase_buildReadme_default = local.testCase_buildReadme_default || function (","            options,","            onError","        ) {","        /*","         * this function will test buildReadme's default handling-behavior-behavior","         */","            options = {};","            local.buildReadme(options, onError);","        };","","        local.testCase_buildTest_default = local.testCase_buildTest_default || function (","            options,","            onError","        ) {","        /*","         * this function will test buildTest's default handling-behavior","         */","            options = {};","            local.buildTest(options, onError);","        };","","        local.testCase_webpage_default = local.testCase_webpage_default || function (","            options,","            onError","        ) {","        /*","         * this function will test webpage's default handling-behavior","         */","            options = { modeCoverageMerge: true, url: local.serverLocalHost + '?modeTest=1' };","            local.browserTest(options, onError);","        };","","        // run test-server","        local.testRunServer(local);","        break;","    }","}());",""],"l":{"12":2,"14":2,"19":2,"21":2,"23":2,"24":2,"25":2,"30":1,"37":2,"40":2,"43":1,"47":1,"50":1,"52":1,"55":2,"61":2,"62":2,"64":2,"70":1,"76":1,"82":2,"83":2,"85":2,"91":1,"98":1,"102":1,"105":1,"112":1,"119":1,"120":1,"123":1,"130":1,"131":1,"132":1,"133":1,"134":1,"135":1,"138":1,"143":2,"144":2,"147":1,"154":2,"155":2,"158":1,"165":2,"166":2,"169":1,"176":2,"177":2,"180":1,"187":1,"188":1,"192":1,"193":1}},"/home/travis/build/npmtest/node-npmtest-runjs/lib.npmtest_runjs.js":{"path":"/home/travis/build/npmtest/node-npmtest-runjs/lib.npmtest_runjs.js","s":{"1":2,"2":2,"3":2,"4":2,"5":2,"6":2,"7":2,"8":1,"9":2,"10":2,"11":2,"12":2,"13":1,"14":1,"15":1,"16":1},"b":{"1":[2,1,1,1],"2":[1,1,1,1],"3":[1,1],"4":[2,2],"5":[1,1]},"f":{"1":2,"2":2,"3":2},"fnMap":{"1":{"name":"(anonymous_1)","line":12,"loc":{"start":{"line":12,"column":1},"end":{"line":12,"column":13}}},"2":{"name":"(anonymous_2)","line":19,"loc":{"start":{"line":19,"column":5},"end":{"line":19,"column":17}}},"3":{"name":"(anonymous_3)","line":23,"loc":{"start":{"line":23,"column":24},"end":{"line":23,"column":36}}}},"statementMap":{"1":{"start":{"line":12,"column":0},"end":{"line":53,"column":5}},"2":{"start":{"line":14,"column":4},"end":{"line":14,"column":14}},"3":{"start":{"line":19,"column":4},"end":{"line":52,"column":9}},"4":{"start":{"line":21,"column":8},"end":{"line":21,"column":19}},"5":{"start":{"line":23,"column":8},"end":{"line":35,"column":13}},"6":{"start":{"line":24,"column":12},"end":{"line":34,"column":13}},"7":{"start":{"line":25,"column":16},"end":{"line":28,"column":30}},"8":{"start":{"line":30,"column":16},"end":{"line":33,"column":27}},"9":{"start":{"line":37,"column":8},"end":{"line":39,"column":21}},"10":{"start":{"line":41,"column":8},"end":{"line":41,"column":54}},"11":{"start":{"line":43,"column":8},"end":{"line":43,"column":50}},"12":{"start":{"line":45,"column":8},"end":{"line":51,"column":9}},"13":{"start":{"line":46,"column":12},"end":{"line":46,"column":56}},"14":{"start":{"line":48,"column":12},"end":{"line":48,"column":35}},"15":{"start":{"line":49,"column":12},"end":{"line":49,"column":49}},"16":{"start":{"line":50,"column":12},"end":{"line":50,"column":43}}},"branchMap":{"1":{"line":25,"type":"binary-expr","locations":[{"start":{"line":25,"column":23},"end":{"line":25,"column":62}},{"start":{"line":26,"column":20},"end":{"line":26,"column":70}},{"start":{"line":27,"column":20},"end":{"line":27,"column":71}},{"start":{"line":28,"column":20},"end":{"line":28,"column":29}}]},"2":{"line":30,"type":"binary-expr","locations":[{"start":{"line":30,"column":23},"end":{"line":30,"column":37}},{"start":{"line":31,"column":20},"end":{"line":31,"column":61}},{"start":{"line":32,"column":20},"end":{"line":32,"column":70}},{"start":{"line":33,"column":20},"end":{"line":33,"column":26}}]},"3":{"line":37,"type":"cond-expr","locations":[{"start":{"line":38,"column":14},"end":{"line":38,"column":20}},{"start":{"line":39,"column":14},"end":{"line":39,"column":20}}]},"4":{"line":41,"type":"binary-expr","locations":[{"start":{"line":41,"column":16},"end":{"line":41,"column":44}},{"start":{"line":41,"column":48},"end":{"line":41,"column":53}}]},"5":{"line":45,"type":"if","locations":[{"start":{"line":45,"column":8},"end":{"line":45,"column":8}},{"start":{"line":45,"column":8},"end":{"line":45,"column":8}}]}},"code":["/* istanbul instrument in package npmtest_runjs */","/*jslint","    bitwise: true,","    browser: true,","    maxerr: 8,","    maxlen: 96,","    node: true,","    nomen: true,","    regexp: true,","    stupid: true","*/","(function () {","    'use strict';","    var local;","","","","    // run shared js-env code - init-before","    (function () {","        // init local","        local = {};","        // init modeJs","        local.modeJs = (function () {","            try {","                return typeof navigator.userAgent === 'string' &&","                    typeof document.querySelector('body') === 'object' &&","                    typeof XMLHttpRequest.prototype.open === 'function' &&","                    'browser';","            } catch (errorCaughtBrowser) {","                return module.exports &&","                    typeof process.versions.node === 'string' &&","                    typeof require('http').createServer === 'function' &&","                    'node';","            }","        }());","        // init global","        local.global = local.modeJs === 'browser'","            ? window","            : global;","        // init utility2_rollup","        local = local.global.utility2_rollup || local;","        // init lib","        local.local = local.npmtest_runjs = local;","        // init exports","        if (local.modeJs === 'browser') {","            local.global.utility2_npmtest_runjs = local;","        } else {","            module.exports = local;","            module.exports.__dirname = __dirname;","            module.exports.module = module;","        }","    }());","}());",""],"l":{"12":2,"14":2,"19":2,"21":2,"23":2,"24":2,"25":2,"30":1,"37":2,"41":2,"43":2,"45":2,"46":1,"48":1,"49":1,"50":1}},"/home/travis/build/npmtest/node-npmtest-runjs/example.js":{"path":"/home/travis/build/npmtest/node-npmtest-runjs/example.js","s":{"1":2,"2":2,"3":2,"4":2,"5":2,"6":2,"7":2,"8":1,"9":2,"10":2,"11":2,"12":2,"13":1,"14":2,"15":2,"16":2,"17":2,"18":2,"19":0,"20":2,"21":1,"22":1,"23":1,"24":1,"25":1,"26":0,"27":0,"28":1,"29":1,"30":2,"31":0,"32":0,"33":0,"34":1,"35":2,"36":2,"37":3,"38":3,"39":3,"40":3,"41":0,"42":3,"43":3,"44":3,"45":1,"46":3,"47":1,"48":1,"49":1,"50":1,"51":1,"52":1,"53":1,"54":1,"55":1,"56":1,"57":0,"58":1,"59":6,"60":6,"61":1,"62":2,"63":0,"64":2,"65":1,"66":1,"67":0,"68":0,"69":0,"70":0,"71":0,"72":0,"73":0,"74":0,"75":0,"76":0,"77":0,"78":0,"79":0,"80":0,"81":0,"82":0,"83":0},"b":{"1":[2,1,1,1],"2":[1,1,1,1],"3":[1,1],"4":[2,2],"5":[1,1],"6":[1,1],"7":[2,0],"8":[2,1,1,1,1,1],"9":[0,2,0],"10":[1,1],"11":[2,1,1],"12":[1,0],"13":[0,2],"14":[2,0,0,0,0,0,0],"15":[0,3],"16":[3,0],"17":[1,1],"18":[0,1],"19":[1,2,0,2],"20":[1,0],"21":[1,1],"22":[0,0],"23":[0,0],"24":[0,0],"25":[0,0],"26":[0,0],"27":[0,0],"28":[0,0]},"f":{"1":2,"2":2,"3":2,"4":2,"5":2,"6":2,"7":3,"8":3,"9":3,"10":1,"11":6,"12":0},"fnMap":{"1":{"name":"(anonymous_1)","line":26,"loc":{"start":{"line":26,"column":1},"end":{"line":26,"column":13}}},"2":{"name":"(anonymous_2)","line":33,"loc":{"start":{"line":33,"column":5},"end":{"line":33,"column":17}}},"3":{"name":"(anonymous_3)","line":37,"loc":{"start":{"line":37,"column":24},"end":{"line":37,"column":36}}},"4":{"name":"(anonymous_4)","line":69,"loc":{"start":{"line":69,"column":31},"end":{"line":69,"column":48}},"skip":true},"5":{"name":"(anonymous_5)","line":78,"loc":{"start":{"line":78,"column":26},"end":{"line":78,"column":45}},"skip":true},"6":{"name":"(anonymous_6)","line":123,"loc":{"start":{"line":123,"column":33},"end":{"line":123,"column":48}},"skip":true},"7":{"name":"(anonymous_7)","line":125,"loc":{"start":{"line":125,"column":27},"end":{"line":125,"column":39}},"skip":true},"8":{"name":"(anonymous_8)","line":133,"loc":{"start":{"line":133,"column":59},"end":{"line":133,"column":74}},"skip":true},"9":{"name":"(anonymous_9)","line":143,"loc":{"start":{"line":143,"column":45},"end":{"line":143,"column":62}},"skip":true},"10":{"name":"(anonymous_10)","line":144,"loc":{"start":{"line":144,"column":73},"end":{"line":144,"column":92}},"skip":true},"11":{"name":"(anonymous_11)","line":272,"loc":{"start":{"line":272,"column":51},"end":{"line":272,"column":77}},"skip":true},"12":{"name":"(anonymous_12)","line":315,"loc":{"start":{"line":315,"column":32},"end":{"line":315,"column":61}},"skip":true}},"statementMap":{"1":{"start":{"line":26,"column":0},"end":{"line":326,"column":5}},"2":{"start":{"line":28,"column":4},"end":{"line":28,"column":14}},"3":{"start":{"line":33,"column":4},"end":{"line":60,"column":9}},"4":{"start":{"line":35,"column":8},"end":{"line":35,"column":19}},"5":{"start":{"line":37,"column":8},"end":{"line":49,"column":13}},"6":{"start":{"line":38,"column":12},"end":{"line":48,"column":13}},"7":{"start":{"line":39,"column":16},"end":{"line":42,"column":30}},"8":{"start":{"line":44,"column":16},"end":{"line":47,"column":27}},"9":{"start":{"line":51,"column":8},"end":{"line":53,"column":21}},"10":{"start":{"line":55,"column":8},"end":{"line":57,"column":45}},"11":{"start":{"line":59,"column":8},"end":{"line":59,"column":35}},"12":{"start":{"line":61,"column":4},"end":{"line":325,"column":5}},"13":{"start":{"line":69,"column":8},"end":{"line":121,"column":10},"skip":true},"14":{"start":{"line":70,"column":12},"end":{"line":88,"column":13},"skip":true},"15":{"start":{"line":76,"column":16},"end":{"line":87,"column":19},"skip":true},"16":{"start":{"line":79,"column":20},"end":{"line":86,"column":21},"skip":true},"17":{"start":{"line":82,"column":24},"end":{"line":82,"column":43},"skip":true},"18":{"start":{"line":83,"column":24},"end":{"line":83,"column":30},"skip":true},"19":{"start":{"line":85,"column":24},"end":{"line":85,"column":49},"skip":true},"20":{"start":{"line":89,"column":12},"end":{"line":107,"column":13},"skip":true},"21":{"start":{"line":92,"column":16},"end":{"line":102,"column":17},"skip":true},"22":{"start":{"line":93,"column":20},"end":{"line":93,"column":86},"skip":true},"23":{"start":{"line":94,"column":20},"end":{"line":95,"column":45},"skip":true},"24":{"start":{"line":96,"column":20},"end":{"line":96,"column":42},"skip":true},"25":{"start":{"line":97,"column":20},"end":{"line":97,"column":48},"skip":true},"26":{"start":{"line":100,"column":20},"end":{"line":100,"column":85},"skip":true},"27":{"start":{"line":101,"column":20},"end":{"line":101,"column":96},"skip":true},"28":{"start":{"line":103,"column":16},"end":{"line":103,"column":22},"skip":true},"29":{"start":{"line":106,"column":16},"end":{"line":106,"column":22},"skip":true},"30":{"start":{"line":108,"column":12},"end":{"line":120,"column":13},"skip":true},"31":{"start":{"line":114,"column":16},"end":{"line":119,"column":17},"skip":true},"32":{"start":{"line":116,"column":20},"end":{"line":116,"column":78},"skip":true},"33":{"start":{"line":118,"column":20},"end":{"line":118,"column":47},"skip":true},"34":{"start":{"line":123,"column":8},"end":{"line":141,"column":11},"skip":true},"35":{"start":{"line":124,"column":12},"end":{"line":124,"column":54},"skip":true},"36":{"start":{"line":125,"column":12},"end":{"line":140,"column":14},"skip":true},"37":{"start":{"line":126,"column":16},"end":{"line":126,"column":28},"skip":true},"38":{"start":{"line":127,"column":16},"end":{"line":127,"column":69},"skip":true},"39":{"start":{"line":128,"column":16},"end":{"line":128,"column":75},"skip":true},"40":{"start":{"line":129,"column":16},"end":{"line":131,"column":17},"skip":true},"41":{"start":{"line":130,"column":20},"end":{"line":130,"column":27},"skip":true},"42":{"start":{"line":133,"column":16},"end":{"line":137,"column":36},"skip":true},"43":{"start":{"line":134,"column":20},"end":{"line":136,"column":55},"skip":true},"44":{"start":{"line":139,"column":16},"end":{"line":139,"column":57},"skip":true},"45":{"start":{"line":143,"column":8},"end":{"line":147,"column":11},"skip":true},"46":{"start":{"line":144,"column":12},"end":{"line":146,"column":15},"skip":true},"47":{"start":{"line":145,"column":16},"end":{"line":145,"column":70},"skip":true},"48":{"start":{"line":149,"column":8},"end":{"line":149,"column":31},"skip":true},"49":{"start":{"line":150,"column":8},"end":{"line":150,"column":14},"skip":true},"50":{"start":{"line":158,"column":8},"end":{"line":158,"column":31},"skip":true},"51":{"start":{"line":160,"column":8},"end":{"line":160,"column":33},"skip":true},"52":{"start":{"line":161,"column":8},"end":{"line":161,"column":37},"skip":true},"53":{"start":{"line":162,"column":8},"end":{"line":162,"column":35},"skip":true},"54":{"start":{"line":164,"column":8},"end":{"line":164,"column":50},"skip":true},"55":{"start":{"line":166,"column":8},"end":{"line":256,"column":2},"skip":true},"56":{"start":{"line":258,"column":8},"end":{"line":286,"column":9},"skip":true},"57":{"start":{"line":259,"column":12},"end":{"line":269,"column":14},"skip":true},"58":{"start":{"line":271,"column":12},"end":{"line":285,"column":19},"skip":true},"59":{"start":{"line":274,"column":20},"end":{"line":274,"column":35},"skip":true},"60":{"start":{"line":275,"column":20},"end":{"line":284,"column":21},"skip":true},"61":{"start":{"line":277,"column":24},"end":{"line":277,"column":64},"skip":true},"62":{"start":{"line":279,"column":24},"end":{"line":279,"column":40},"skip":true},"63":{"start":{"line":281,"column":24},"end":{"line":281,"column":40},"skip":true},"64":{"start":{"line":283,"column":24},"end":{"line":283,"column":39},"skip":true},"65":{"start":{"line":288,"column":8},"end":{"line":290,"column":9},"skip":true},"66":{"start":{"line":289,"column":12},"end":{"line":289,"column":18},"skip":true},"67":{"start":{"line":291,"column":8},"end":{"line":293,"column":54},"skip":true},"68":{"start":{"line":296,"column":8},"end":{"line":301,"column":37},"skip":true},"69":{"start":{"line":303,"column":8},"end":{"line":303,"column":82},"skip":true},"70":{"start":{"line":306,"column":8},"end":{"line":308,"column":9},"skip":true},"71":{"start":{"line":307,"column":12},"end":{"line":307,"column":82},"skip":true},"72":{"start":{"line":310,"column":8},"end":{"line":312,"column":9},"skip":true},"73":{"start":{"line":311,"column":12},"end":{"line":311,"column":18},"skip":true},"74":{"start":{"line":313,"column":8},"end":{"line":313,"column":54},"skip":true},"75":{"start":{"line":314,"column":8},"end":{"line":314,"column":69},"skip":true},"76":{"start":{"line":315,"column":8},"end":{"line":323,"column":36},"skip":true},"77":{"start":{"line":316,"column":12},"end":{"line":316,"column":61},"skip":true},"78":{"start":{"line":317,"column":12},"end":{"line":320,"column":13},"skip":true},"79":{"start":{"line":318,"column":16},"end":{"line":318,"column":75},"skip":true},"80":{"start":{"line":319,"column":16},"end":{"line":319,"column":23},"skip":true},"81":{"start":{"line":321,"column":12},"end":{"line":321,"column":38},"skip":true},"82":{"start":{"line":322,"column":12},"end":{"line":322,"column":27},"skip":true},"83":{"start":{"line":324,"column":8},"end":{"line":324,"column":14},"skip":true}},"branchMap":{"1":{"line":39,"type":"binary-expr","locations":[{"start":{"line":39,"column":23},"end":{"line":39,"column":62}},{"start":{"line":40,"column":20},"end":{"line":40,"column":70}},{"start":{"line":41,"column":20},"end":{"line":41,"column":71}},{"start":{"line":42,"column":20},"end":{"line":42,"column":29}}]},"2":{"line":44,"type":"binary-expr","locations":[{"start":{"line":44,"column":23},"end":{"line":44,"column":37}},{"start":{"line":45,"column":20},"end":{"line":45,"column":61}},{"start":{"line":46,"column":20},"end":{"line":46,"column":70}},{"start":{"line":47,"column":20},"end":{"line":47,"column":26}}]},"3":{"line":51,"type":"cond-expr","locations":[{"start":{"line":52,"column":14},"end":{"line":52,"column":20}},{"start":{"line":53,"column":14},"end":{"line":53,"column":20}}]},"4":{"line":55,"type":"binary-expr","locations":[{"start":{"line":55,"column":16},"end":{"line":55,"column":44}},{"start":{"line":55,"column":49},"end":{"line":57,"column":43}}]},"5":{"line":55,"type":"cond-expr","locations":[{"start":{"line":56,"column":14},"end":{"line":56,"column":49}},{"start":{"line":57,"column":14},"end":{"line":57,"column":43}}]},"6":{"line":61,"type":"switch","locations":[{"start":{"line":68,"column":4},"end":{"line":150,"column":14},"skip":true},{"start":{"line":156,"column":4},"end":{"line":324,"column":14},"skip":true}]},"7":{"line":70,"type":"if","locations":[{"start":{"line":70,"column":12},"end":{"line":70,"column":12},"skip":true},{"start":{"line":70,"column":12},"end":{"line":70,"column":12},"skip":true}]},"8":{"line":70,"type":"binary-expr","locations":[{"start":{"line":70,"column":16},"end":{"line":70,"column":22},"skip":true},{"start":{"line":70,"column":27},"end":{"line":70,"column":32},"skip":true},{"start":{"line":71,"column":20},"end":{"line":71,"column":39},"skip":true},{"start":{"line":72,"column":20},"end":{"line":72,"column":49},"skip":true},{"start":{"line":73,"column":20},"end":{"line":73,"column":58},"skip":true},{"start":{"line":74,"column":20},"end":{"line":74,"column":69},"skip":true}]},"9":{"line":79,"type":"switch","locations":[{"start":{"line":80,"column":20},"end":{"line":80,"column":33},"skip":true},{"start":{"line":81,"column":20},"end":{"line":83,"column":30},"skip":true},{"start":{"line":84,"column":20},"end":{"line":85,"column":49},"skip":true}]},"10":{"line":89,"type":"switch","locations":[{"start":{"line":90,"column":12},"end":{"line":103,"column":22},"skip":true},{"start":{"line":105,"column":12},"end":{"line":106,"column":22},"skip":true}]},"11":{"line":89,"type":"binary-expr","locations":[{"start":{"line":89,"column":20},"end":{"line":89,"column":25},"skip":true},{"start":{"line":89,"column":29},"end":{"line":89,"column":48},"skip":true},{"start":{"line":89,"column":52},"end":{"line":89,"column":74},"skip":true}]},"12":{"line":92,"type":"if","locations":[{"start":{"line":92,"column":16},"end":{"line":92,"column":16},"skip":true},{"start":{"line":92,"column":16},"end":{"line":92,"column":16},"skip":true}]},"13":{"line":108,"type":"if","locations":[{"start":{"line":108,"column":12},"end":{"line":108,"column":12},"skip":true},{"start":{"line":108,"column":12},"end":{"line":108,"column":12},"skip":true}]},"14":{"line":108,"type":"binary-expr","locations":[{"start":{"line":108,"column":16},"end":{"line":108,"column":61},"skip":true},{"start":{"line":108,"column":66},"end":{"line":108,"column":72},"skip":true},{"start":{"line":108,"column":77},"end":{"line":108,"column":82},"skip":true},{"start":{"line":109,"column":20},"end":{"line":109,"column":39},"skip":true},{"start":{"line":110,"column":20},"end":{"line":110,"column":49},"skip":true},{"start":{"line":111,"column":20},"end":{"line":111,"column":58},"skip":true},{"start":{"line":112,"column":20},"end":{"line":112,"column":68},"skip":true}]},"15":{"line":129,"type":"if","locations":[{"start":{"line":129,"column":16},"end":{"line":129,"column":16},"skip":true},{"start":{"line":129,"column":16},"end":{"line":129,"column":16},"skip":true}]},"16":{"line":134,"type":"cond-expr","locations":[{"start":{"line":135,"column":26},"end":{"line":135,"column":29},"skip":true},{"start":{"line":136,"column":26},"end":{"line":136,"column":54},"skip":true}]},"17":{"line":164,"type":"binary-expr","locations":[{"start":{"line":164,"column":27},"end":{"line":164,"column":43},"skip":true},{"start":{"line":164,"column":47},"end":{"line":164,"column":49},"skip":true}]},"18":{"line":258,"type":"if","locations":[{"start":{"line":258,"column":8},"end":{"line":258,"column":8},"skip":true},{"start":{"line":258,"column":8},"end":{"line":258,"column":8},"skip":true}]},"19":{"line":275,"type":"switch","locations":[{"start":{"line":276,"column":20},"end":{"line":277,"column":64},"skip":true},{"start":{"line":278,"column":20},"end":{"line":279,"column":40},"skip":true},{"start":{"line":280,"column":20},"end":{"line":281,"column":40},"skip":true},{"start":{"line":282,"column":20},"end":{"line":283,"column":39},"skip":true}]},"20":{"line":288,"type":"if","locations":[{"start":{"line":288,"column":8},"end":{"line":288,"column":8},"skip":true},{"start":{"line":288,"column":8},"end":{"line":288,"column":8},"skip":true}]},"21":{"line":288,"type":"binary-expr","locations":[{"start":{"line":288,"column":12},"end":{"line":288,"column":40},"skip":true},{"start":{"line":288,"column":44},"end":{"line":288,"column":67},"skip":true}]},"22":{"line":292,"type":"binary-expr","locations":[{"start":{"line":292,"column":12},"end":{"line":292,"column":50},"skip":true},{"start":{"line":293,"column":12},"end":{"line":293,"column":53},"skip":true}]},"23":{"line":297,"type":"binary-expr","locations":[{"start":{"line":297,"column":12},"end":{"line":297,"column":63},"skip":true},{"start":{"line":298,"column":12},"end":{"line":301,"column":36},"skip":true}]},"24":{"line":303,"type":"binary-expr","locations":[{"start":{"line":303,"column":43},"end":{"line":303,"column":75},"skip":true},{"start":{"line":303,"column":79},"end":{"line":303,"column":81},"skip":true}]},"25":{"line":306,"type":"if","locations":[{"start":{"line":306,"column":8},"end":{"line":306,"column":8},"skip":true},{"start":{"line":306,"column":8},"end":{"line":306,"column":8},"skip":true}]},"26":{"line":310,"type":"if","locations":[{"start":{"line":310,"column":8},"end":{"line":310,"column":8},"skip":true},{"start":{"line":310,"column":8},"end":{"line":310,"column":8},"skip":true}]},"27":{"line":313,"type":"binary-expr","locations":[{"start":{"line":313,"column":27},"end":{"line":313,"column":43},"skip":true},{"start":{"line":313,"column":47},"end":{"line":313,"column":53},"skip":true}]},"28":{"line":317,"type":"if","locations":[{"start":{"line":317,"column":12},"end":{"line":317,"column":12},"skip":true},{"start":{"line":317,"column":12},"end":{"line":317,"column":12},"skip":true}]}},"code":["/*","example.js","","quickstart example","","instruction","    1. save this script as example.js","    2. run the shell command:","        $ npm install npmtest-runjs && PORT=8081 node example.js","    3. play with the browser-demo on http://127.0.0.1:8081","*/","","","","/* istanbul instrument in package npmtest_runjs */","/*jslint","    bitwise: true,","    browser: true,","    maxerr: 8,","    maxlen: 96,","    node: true,","    nomen: true,","    regexp: true,","    stupid: true","*/","(function () {","    'use strict';","    var local;","","","","    // run shared js-env code - init-before","    (function () {","        // init local","        local = {};","        // init modeJs","        local.modeJs = (function () {","            try {","                return typeof navigator.userAgent === 'string' &&","                    typeof document.querySelector('body') === 'object' &&","                    typeof XMLHttpRequest.prototype.open === 'function' &&","                    'browser';","            } catch (errorCaughtBrowser) {","                return module.exports &&","                    typeof process.versions.node === 'string' &&","                    typeof require('http').createServer === 'function' &&","                    'node';","            }","        }());","        // init global","        local.global = local.modeJs === 'browser'","            ? window","            : global;","        // init utility2_rollup","        local = local.global.utility2_rollup || (local.modeJs === 'browser'","            ? local.global.utility2_npmtest_runjs","            : global.utility2_moduleExports);","        // export local","        local.global.local = local;","    }());","    switch (local.modeJs) {","","","","    // init-after","    // run browser js-env code - init-after","    /* istanbul ignore next */","    case 'browser':","        local.testRunBrowser = function (event) {","            if (!event || (event &&","                    event.currentTarget &&","                    event.currentTarget.className &&","                    event.currentTarget.className.includes &&","                    event.currentTarget.className.includes('onreset'))) {","                // reset output","                Array.from(","                    document.querySelectorAll('body > .resettable')","                ).forEach(function (element) {","                    switch (element.tagName) {","                    case 'INPUT':","                    case 'TEXTAREA':","                        element.value = '';","                        break;","                    default:","                        element.textContent = '';","                    }","                });","            }","            switch (event && event.currentTarget && event.currentTarget.id) {","            case 'testRunButton1':","                // show tests","                if (document.querySelector('#testReportDiv1').style.display === 'none') {","                    document.querySelector('#testReportDiv1').style.display = 'block';","                    document.querySelector('#testRunButton1').textContent =","                        'hide internal test';","                    local.modeTest = true;","                    local.testRunDefault(local);","                // hide tests","                } else {","                    document.querySelector('#testReportDiv1').style.display = 'none';","                    document.querySelector('#testRunButton1').textContent = 'run internal test';","                }","                break;","            // custom-case","            default:","                break;","            }","            if (document.querySelector('#inputTextareaEval1') && (!event || (event &&","                    event.currentTarget &&","                    event.currentTarget.className &&","                    event.currentTarget.className.includes &&","                    event.currentTarget.className.includes('oneval')))) {","                // try to eval input-code","                try {","                    /*jslint evil: true*/","                    eval(document.querySelector('#inputTextareaEval1').value);","                } catch (errorCaught) {","                    console.error(errorCaught);","                }","            }","        };","        // log stderr and stdout to #outputTextareaStdout1","        ['error', 'log'].forEach(function (key) {","            console[key + '_original'] = console[key];","            console[key] = function () {","                var element;","                console[key + '_original'].apply(console, arguments);","                element = document.querySelector('#outputTextareaStdout1');","                if (!element) {","                    return;","                }","                // append text to #outputTextareaStdout1","                element.value += Array.from(arguments).map(function (arg) {","                    return typeof arg === 'string'","                        ? arg","                        : JSON.stringify(arg, null, 4);","                }).join(' ') + '\\n';","                // scroll textarea to bottom","                element.scrollTop = element.scrollHeight;","            };","        });","        // init event-handling","        ['change', 'click', 'keyup'].forEach(function (event) {","            Array.from(document.querySelectorAll('.on' + event)).forEach(function (element) {","                element.addEventListener(event, local.testRunBrowser);","            });","        });","        // run tests","        local.testRunBrowser();","        break;","","","","    // run node js-env code - init-after","    /* istanbul ignore next */","    case 'node':","        // export local","        module.exports = local;","        // require modules","        local.fs = require('fs');","        local.http = require('http');","        local.url = require('url');","        // init assets","        local.assetsDict = local.assetsDict || {};","        /* jslint-ignore-begin */","        local.assetsDict['/assets.index.template.html'] = '\\","<!doctype html>\\n\\","<html lang=\"en\">\\n\\","<head>\\n\\","<meta charset=\"UTF-8\">\\n\\","<meta name=\"viewport\" content=\"width=device-width, initial-scale=1\">\\n\\","<title>{{env.npm_package_name}} (v{{env.npm_package_version}})</title>\\n\\","<style>\\n\\","/*csslint\\n\\","    box-sizing: false,\\n\\","    universal-selector: false\\n\\","*/\\n\\","* {\\n\\","    box-sizing: border-box;\\n\\","}\\n\\","body {\\n\\","    background: #dde;\\n\\","    font-family: Arial, Helvetica, sans-serif;\\n\\","    margin: 2rem;\\n\\","}\\n\\","body > * {\\n\\","    margin-bottom: 1rem;\\n\\","}\\n\\",".utility2FooterDiv {\\n\\","    margin-top: 20px;\\n\\","    text-align: center;\\n\\","}\\n\\","</style>\\n\\","<style>\\n\\","/*csslint\\n\\","*/\\n\\","textarea {\\n\\","    font-family: monospace;\\n\\","    height: 10rem;\\n\\","    width: 100%;\\n\\","}\\n\\","textarea[readonly] {\\n\\","    background: #ddd;\\n\\","}\\n\\","</style>\\n\\","</head>\\n\\","<body>\\n\\","<!-- utility2-comment\\n\\","<div id=\"ajaxProgressDiv1\" style=\"background: #d00; height: 2px; left: 0; margin: 0; padding: 0; position: fixed; top: 0; transition: background 0.5s, width 1.5s; width: 25%;\"></div>\\n\\","utility2-comment -->\\n\\","<h1>\\n\\","<!-- utility2-comment\\n\\","    <a\\n\\","        {{#if env.npm_package_homepage}}\\n\\","        href=\"{{env.npm_package_homepage}}\"\\n\\","        {{/if env.npm_package_homepage}}\\n\\","        target=\"_blank\"\\n\\","    >\\n\\","utility2-comment -->\\n\\","        {{env.npm_package_name}} (v{{env.npm_package_version}})\\n\\","<!-- utility2-comment\\n\\","    </a>\\n\\","utility2-comment -->\\n\\","</h1>\\n\\","<h3>{{env.npm_package_description}}</h3>\\n\\","<!-- utility2-comment\\n\\","<h4><a download href=\"assets.app.js\">download standalone app</a></h4>\\n\\","<button class=\"onclick onreset\" id=\"testRunButton1\">run internal test</button><br>\\n\\","<div id=\"testReportDiv1\" style=\"display: none;\"></div>\\n\\","utility2-comment -->\\n\\","\\n\\","\\n\\","\\n\\","<label>stderr and stdout</label>\\n\\","<textarea class=\"resettable\" id=\"outputTextareaStdout1\" readonly></textarea>\\n\\","<!-- utility2-comment\\n\\","{{#if isRollup}}\\n\\","<script src=\"assets.app.js\"></script>\\n\\","{{#unless isRollup}}\\n\\","utility2-comment -->\\n\\","<script src=\"assets.utility2.rollup.js\"></script>\\n\\","<script src=\"jsonp.utility2._stateInit?callback=window.utility2._stateInit\"></script>\\n\\","<script src=\"assets.npmtest_runjs.rollup.js\"></script>\\n\\","<script src=\"assets.example.js\"></script>\\n\\","<script src=\"assets.test.js\"></script>\\n\\","<!-- utility2-comment\\n\\","{{/if isRollup}}\\n\\","utility2-comment -->\\n\\","<div class=\"utility2FooterDiv\">\\n\\","    [ this app was created with\\n\\","    <a href=\"https://github.com/kaizhu256/node-utility2\" target=\"_blank\">utility2</a>\\n\\","    ]\\n\\","</div>\\n\\","</body>\\n\\","</html>\\n\\","';","        /* jslint-ignore-end */","        if (local.templateRender) {","            local.assetsDict['/'] = local.templateRender(","                local.assetsDict['/assets.index.template.html'],","                {","                    env: local.objectSetDefault(local.env, {","                        npm_package_description: 'the greatest app in the world!',","                        npm_package_name: 'my-app',","                        npm_package_nameAlias: 'my_app',","                        npm_package_version: '0.0.1'","                    })","                }","            );","        } else {","            local.assetsDict['/'] = local.assetsDict['/assets.index.template.html']","                .replace((/\\{\\{env\\.(\\w+?)\\}\\}/g), function (match0, match1) {","                    // jslint-hack","                    String(match0);","                    switch (match1) {","                    case 'npm_package_description':","                        return 'the greatest app in the world!';","                    case 'npm_package_name':","                        return 'my-app';","                    case 'npm_package_nameAlias':","                        return 'my_app';","                    case 'npm_package_version':","                        return '0.0.1';","                    }","                });","        }","        // run the cli","        if (local.global.utility2_rollup || module !== require.main) {","            break;","        }","        local.assetsDict['/assets.example.js'] =","            local.assetsDict['/assets.example.js'] ||","            local.fs.readFileSync(__filename, 'utf8');","        // bug-workaround - long $npm_package_buildCustomOrg","        /* jslint-ignore-begin */","        local.assetsDict['/assets.npmtest_runjs.rollup.js'] =","            local.assetsDict['/assets.npmtest_runjs.rollup.js'] ||","            local.fs.readFileSync(","                local.npmtest_runjs.__dirname + '/lib.npmtest_runjs.js',","                'utf8'","            ).replace((/^#!/), '//');","        /* jslint-ignore-end */","        local.assetsDict['/favicon.ico'] = local.assetsDict['/favicon.ico'] || '';","        // if $npm_config_timeout_exit exists,","        // then exit this process after $npm_config_timeout_exit ms","        if (Number(process.env.npm_config_timeout_exit)) {","            setTimeout(process.exit, Number(process.env.npm_config_timeout_exit));","        }","        // start server","        if (local.global.utility2_serverHttp1) {","            break;","        }","        process.env.PORT = process.env.PORT || '8081';","        console.error('server starting on port ' + process.env.PORT);","        local.http.createServer(function (request, response) {","            request.urlParsed = local.url.parse(request.url);","            if (local.assetsDict[request.urlParsed.pathname] !== undefined) {","                response.end(local.assetsDict[request.urlParsed.pathname]);","                return;","            }","            response.statusCode = 404;","            response.end();","        }).listen(process.env.PORT);","        break;","    }","}());",""],"l":{"26":2,"28":2,"33":2,"35":2,"37":2,"38":2,"39":2,"44":1,"51":2,"55":2,"59":2,"61":2,"69":1,"70":2,"76":2,"79":2,"82":2,"83":2,"85":1,"89":2,"92":1,"93":1,"94":1,"96":1,"97":1,"100":1,"101":1,"103":1,"106":1,"108":2,"114":1,"116":1,"118":1,"123":1,"124":2,"125":2,"126":3,"127":3,"128":3,"129":3,"130":1,"133":3,"134":3,"139":3,"143":1,"144":3,"145":1,"149":1,"150":1,"158":1,"160":1,"161":1,"162":1,"164":1,"166":1,"258":1,"259":1,"271":1,"274":6,"275":6,"277":1,"279":2,"281":1,"283":2,"288":1,"289":1,"291":1,"296":1,"303":1,"306":1,"307":1,"310":1,"311":1,"313":1,"314":1,"315":1,"316":1,"317":1,"318":1,"319":1,"321":1,"322":1,"324":1}},"/home/travis/build/npmtest/node-npmtest-runjs/node_modules/runjs/lib/index.js":{"path":"/home/travis/build/npmtest/node-npmtest-runjs/node_modules/runjs/lib/index.js","s":{"1":1,"2":1,"3":1,"4":1,"5":1,"6":1,"7":1,"8":1,"9":1,"10":1,"11":1,"12":1,"13":1,"14":1,"15":1,"16":1,"17":1,"18":1,"19":1,"20":6,"21":1,"22":0,"23":0,"24":3,"25":3,"26":0,"27":1,"28":1,"29":1,"30":0,"31":0,"32":0,"33":0,"34":0,"35":0,"36":1,"37":0,"38":0,"39":0,"40":0,"41":0,"42":0,"43":0,"44":0,"45":0,"46":0,"47":0,"48":0,"49":0,"50":0,"51":0,"52":0,"53":1,"54":0,"55":0,"56":0,"57":0,"58":0,"59":0,"60":0,"61":0,"62":0,"63":1,"64":0,"65":0,"66":0,"67":0,"68":1,"69":0,"70":0,"71":0,"72":0,"73":0,"74":0,"75":0,"76":0,"77":0},"b":{"1":[0,6],"2":[6,6],"3":[0,0],"4":[0,0],"5":[0,0],"6":[0,0],"7":[0,0],"8":[0,0],"9":[0,0],"10":[0,0],"11":[0,0],"12":[0,0],"13":[0,0],"14":[0,0]},"f":{"1":6,"2":0,"3":0,"4":3,"5":0,"6":1,"7":0,"8":0,"9":0,"10":0,"11":0,"12":0,"13":0,"14":0,"15":0,"16":0,"17":0,"18":0,"19":0},"fnMap":{"1":{"name":"_interopRequireDefault","line":37,"loc":{"start":{"line":37,"column":0},"end":{"line":37,"column":37}}},"2":{"name":"debug","line":40,"loc":{"start":{"line":40,"column":9},"end":{"line":40,"column":26}}},"3":{"name":"info","line":43,"loc":{"start":{"line":43,"column":8},"end":{"line":43,"column":24}}},"4":{"name":"log","line":46,"loc":{"start":{"line":46,"column":7},"end":{"line":46,"column":22}}},"5":{"name":"warning","line":51,"loc":{"start":{"line":51,"column":11},"end":{"line":51,"column":30}}},"6":{"name":"error","line":54,"loc":{"start":{"line":54,"column":9},"end":{"line":54,"column":26}}},"7":{"name":"runSync","line":61,"loc":{"start":{"line":61,"column":0},"end":{"line":61,"column":35}}},"8":{"name":"runAsync","line":73,"loc":{"start":{"line":73,"column":0},"end":{"line":73,"column":36}}},"9":{"name":"(anonymous_9)","line":74,"loc":{"start":{"line":74,"column":21},"end":{"line":74,"column":48}}},"10":{"name":"(anonymous_10)","line":78,"loc":{"start":{"line":78,"column":29},"end":{"line":78,"column":46}}},"11":{"name":"(anonymous_11)","line":82,"loc":{"start":{"line":82,"column":29},"end":{"line":82,"column":49}}},"12":{"name":"(anonymous_12)","line":91,"loc":{"start":{"line":91,"column":37},"end":{"line":91,"column":55}}},"13":{"name":"(anonymous_13)","line":97,"loc":{"start":{"line":97,"column":17},"end":{"line":97,"column":29}}},"14":{"name":"run","line":105,"loc":{"start":{"line":105,"column":0},"end":{"line":105,"column":22}}},"15":{"name":"generate","line":135,"loc":{"start":{"line":135,"column":0},"end":{"line":135,"column":37}}},"16":{"name":"ask","line":142,"loc":{"start":{"line":142,"column":0},"end":{"line":142,"column":23}}},"17":{"name":"(anonymous_17)","line":147,"loc":{"start":{"line":147,"column":21},"end":{"line":147,"column":48}}},"18":{"name":"(anonymous_18)","line":148,"loc":{"start":{"line":148,"column":15},"end":{"line":148,"column":27}}},"19":{"name":"(anonymous_19)","line":150,"loc":{"start":{"line":150,"column":51},"end":{"line":150,"column":69}}}},"statementMap":{"1":{"start":{"line":3,"column":0},"end":{"line":5,"column":3}},"2":{"start":{"line":6,"column":0},"end":{"line":6,"column":27}},"3":{"start":{"line":7,"column":0},"end":{"line":7,"column":18}},"4":{"start":{"line":8,"column":0},"end":{"line":8,"column":28}},"5":{"start":{"line":9,"column":0},"end":{"line":9,"column":18}},"6":{"start":{"line":11,"column":0},"end":{"line":11,"column":30}},"7":{"start":{"line":13,"column":0},"end":{"line":13,"column":45}},"8":{"start":{"line":15,"column":0},"end":{"line":15,"column":46}},"9":{"start":{"line":17,"column":0},"end":{"line":17,"column":61}},"10":{"start":{"line":19,"column":0},"end":{"line":19,"column":41}},"11":{"start":{"line":21,"column":0},"end":{"line":21,"column":47}},"12":{"start":{"line":23,"column":0},"end":{"line":23,"column":24}},"13":{"start":{"line":25,"column":0},"end":{"line":25,"column":39}},"14":{"start":{"line":27,"column":0},"end":{"line":27,"column":28}},"15":{"start":{"line":29,"column":0},"end":{"line":29,"column":43}},"16":{"start":{"line":31,"column":0},"end":{"line":31,"column":36}},"17":{"start":{"line":33,"column":0},"end":{"line":33,"column":51}},"18":{"start":{"line":35,"column":0},"end":{"line":35,"column":34}},"19":{"start":{"line":37,"column":0},"end":{"line":37,"column":95}},"20":{"start":{"line":37,"column":39},"end":{"line":37,"column":93}},"21":{"start":{"line":39,"column":0},"end":{"line":57,"column":2}},"22":{"start":{"line":41,"column":4},"end":{"line":41,"column":72}},"23":{"start":{"line":44,"column":4},"end":{"line":44,"column":72}},"24":{"start":{"line":47,"column":4},"end":{"line":47,"column":17}},"25":{"start":{"line":49,"column":4},"end":{"line":49,"column":56}},"26":{"start":{"line":52,"column":4},"end":{"line":52,"column":75}},"27":{"start":{"line":55,"column":4},"end":{"line":55,"column":73}},"28":{"start":{"line":59,"column":0},"end":{"line":59,"column":25}},"29":{"start":{"line":61,"column":0},"end":{"line":71,"column":1}},"30":{"start":{"line":62,"column":2},"end":{"line":70,"column":3}},"31":{"start":{"line":63,"column":4},"end":{"line":63,"column":68}},"32":{"start":{"line":64,"column":4},"end":{"line":66,"column":5}},"33":{"start":{"line":65,"column":6},"end":{"line":65,"column":31}},"34":{"start":{"line":67,"column":4},"end":{"line":67,"column":18}},"35":{"start":{"line":69,"column":4},"end":{"line":69,"column":48}},"36":{"start":{"line":73,"column":0},"end":{"line":103,"column":1}},"37":{"start":{"line":74,"column":2},"end":{"line":102,"column":5}},"38":{"start":{"line":75,"column":4},"end":{"line":75,"column":71}},"39":{"start":{"line":76,"column":4},"end":{"line":76,"column":22}},"40":{"start":{"line":78,"column":4},"end":{"line":80,"column":7}},"41":{"start":{"line":79,"column":6},"end":{"line":79,"column":78}},"42":{"start":{"line":82,"column":4},"end":{"line":88,"column":7}},"43":{"start":{"line":83,"column":6},"end":{"line":87,"column":7}},"44":{"start":{"line":84,"column":8},"end":{"line":84,"column":24}},"45":{"start":{"line":86,"column":8},"end":{"line":86,"column":88}},"46":{"start":{"line":90,"column":4},"end":{"line":94,"column":5}},"47":{"start":{"line":91,"column":6},"end":{"line":93,"column":9}},"48":{"start":{"line":92,"column":8},"end":{"line":92,"column":35}},"49":{"start":{"line":96,"column":4},"end":{"line":101,"column":5}},"50":{"start":{"line":97,"column":6},"end":{"line":100,"column":26}},"51":{"start":{"line":98,"column":8},"end":{"line":98,"column":28}},"52":{"start":{"line":99,"column":8},"end":{"line":99,"column":57}},"53":{"start":{"line":105,"column":0},"end":{"line":133,"column":1}},"54":{"start":{"line":106,"column":2},"end":{"line":106,"column":87}},"55":{"start":{"line":107,"column":2},"end":{"line":107,"column":95}},"56":{"start":{"line":109,"column":2},"end":{"line":109,"column":62}},"57":{"start":{"line":112,"column":2},"end":{"line":119,"column":4}},"58":{"start":{"line":122,"column":2},"end":{"line":122,"column":100}},"59":{"start":{"line":124,"column":2},"end":{"line":124,"column":23}},"60":{"start":{"line":127,"column":2},"end":{"line":129,"column":3}},"61":{"start":{"line":128,"column":4},"end":{"line":128,"column":38}},"62":{"start":{"line":132,"column":2},"end":{"line":132,"column":35}},"63":{"start":{"line":135,"column":0},"end":{"line":140,"column":1}},"64":{"start":{"line":136,"column":2},"end":{"line":136,"column":61}},"65":{"start":{"line":137,"column":2},"end":{"line":137,"column":54}},"66":{"start":{"line":138,"column":2},"end":{"line":138,"column":63}},"67":{"start":{"line":139,"column":2},"end":{"line":139,"column":43}},"68":{"start":{"line":142,"column":0},"end":{"line":160,"column":1}},"69":{"start":{"line":143,"column":2},"end":{"line":146,"column":5}},"70":{"start":{"line":147,"column":2},"end":{"line":159,"column":5}},"71":{"start":{"line":148,"column":4},"end":{"line":158,"column":10}},"72":{"start":{"line":149,"column":6},"end":{"line":157,"column":7}},"73":{"start":{"line":150,"column":8},"end":{"line":153,"column":11}},"74":{"start":{"line":151,"column":10},"end":{"line":151,"column":26}},"75":{"start":{"line":152,"column":10},"end":{"line":152,"column":36}},"76":{"start":{"line":155,"column":8},"end":{"line":155,"column":22}},"77":{"start":{"line":156,"column":8},"end":{"line":156,"column":34}}},"branchMap":{"1":{"line":37,"type":"cond-expr","locations":[{"start":{"line":37,"column":70},"end":{"line":37,"column":73}},{"start":{"line":37,"column":76},"end":{"line":37,"column":92}}]},"2":{"line":37,"type":"binary-expr","locations":[{"start":{"line":37,"column":46},"end":{"line":37,"column":49}},{"start":{"line":37,"column":53},"end":{"line":37,"column":67}}]},"3":{"line":64,"type":"if","locations":[{"start":{"line":64,"column":4},"end":{"line":64,"column":4}},{"start":{"line":64,"column":4},"end":{"line":64,"column":4}}]},"4":{"line":83,"type":"if","locations":[{"start":{"line":83,"column":6},"end":{"line":83,"column":6}},{"start":{"line":83,"column":6},"end":{"line":83,"column":6}}]},"5":{"line":90,"type":"if","locations":[{"start":{"line":90,"column":4},"end":{"line":90,"column":4}},{"start":{"line":90,"column":4},"end":{"line":90,"column":4}}]},"6":{"line":96,"type":"if","locations":[{"start":{"line":96,"column":4},"end":{"line":96,"column":4}},{"start":{"line":96,"column":4},"end":{"line":96,"column":4}}]},"7":{"line":106,"type":"cond-expr","locations":[{"start":{"line":106,"column":69},"end":{"line":106,"column":81}},{"start":{"line":106,"column":84},"end":{"line":106,"column":86}}]},"8":{"line":106,"type":"binary-expr","locations":[{"start":{"line":106,"column":16},"end":{"line":106,"column":36}},{"start":{"line":106,"column":40},"end":{"line":106,"column":66}}]},"9":{"line":107,"type":"cond-expr","locations":[{"start":{"line":107,"column":68},"end":{"line":107,"column":80}},{"start":{"line":107,"column":83},"end":{"line":107,"column":94}}]},"10":{"line":107,"type":"binary-expr","locations":[{"start":{"line":107,"column":15},"end":{"line":107,"column":35}},{"start":{"line":107,"column":39},"end":{"line":107,"column":65}}]},"11":{"line":113,"type":"binary-expr","locations":[{"start":{"line":113,"column":9},"end":{"line":113,"column":20}},{"start":{"line":113,"column":24},"end":{"line":113,"column":35}}]},"12":{"line":116,"type":"binary-expr","locations":[{"start":{"line":116,"column":11},"end":{"line":116,"column":24}},{"start":{"line":116,"column":28},"end":{"line":116,"column":37}}]},"13":{"line":122,"type":"binary-expr","locations":[{"start":{"line":122,"column":31},"end":{"line":122,"column":47}},{"start":{"line":122,"column":51},"end":{"line":122,"column":67}}]},"14":{"line":127,"type":"if","locations":[{"start":{"line":127,"column":2},"end":{"line":127,"column":2}},{"start":{"line":127,"column":2},"end":{"line":127,"column":2}}]}},"code":["'use strict';","","Object.defineProperty(exports, \"__esModule\", {","  value: true","});","exports.logger = undefined;","exports.run = run;","exports.generate = generate;","exports.ask = ask;","","var _chalk = require('chalk');","","var _chalk2 = _interopRequireDefault(_chalk);","","var _child_process = require('child_process');","","var _child_process2 = _interopRequireDefault(_child_process);","","var _lodash = require('lodash.template');","","var _lodash2 = _interopRequireDefault(_lodash);","","var _fs = require('fs');","","var _fs2 = _interopRequireDefault(_fs);","","var _path = require('path');","","var _path2 = _interopRequireDefault(_path);","","var _readline = require('readline');","","var _readline2 = _interopRequireDefault(_readline);","","var _common = require('./common');","","function _interopRequireDefault(obj) { return obj && obj.__esModule ? obj : { default: obj }; }","","var logger = exports.logger = {","  debug: function debug() {","    console.log(_chalk2.default.blue.apply(_chalk2.default, arguments));","  },","  info: function info() {","    console.log(_chalk2.default.bold.apply(_chalk2.default, arguments));","  },","  log: function log() {","    var _console;","","    (_console = console).log.apply(_console, arguments);","  },","  warning: function warning() {","    console.warn(_chalk2.default.yellow.apply(_chalk2.default, arguments));","  },","  error: function error() {","    console.error(_chalk2.default.red.apply(_chalk2.default, arguments));","  }","};","","var loggerAlias = logger;","","function runSync(command, options) {","  try {","    var buffer = _child_process2.default.execSync(command, options);","    if (buffer) {","      return buffer.toString();","    }","    return buffer;","  } catch (error) {","    throw new _common.RunJSError(error.message);","  }","}","","function runAsync(command, options) {","  return new Promise(function (resolve, reject) {","    var asyncProcess = _child_process2.default.spawn(command, options);","    var output = null;","","    asyncProcess.on('error', function (error) {","      reject(new Error('Failed to start command: ' + command + '; ' + error));","    });","","    asyncProcess.on('close', function (exitCode) {","      if (exitCode === 0) {","        resolve(output);","      } else {","        reject(new Error('Command failed: ' + command + ' with exit code ' + exitCode));","      }","    });","","    if (options.stdio === 'pipe') {","      asyncProcess.stdout.on('data', function (buffer) {","        output = buffer.toString();","      });","    }","","    if (options.timeout) {","      setTimeout(function () {","        asyncProcess.kill();","        reject(new Error('Command timeout: ' + command));","      }, options.timeout);","    }","  });","}","","function run(command) {","  var options = arguments.length > 1 && arguments[1] !== undefined ? arguments[1] : {};","  var logger = arguments.length > 2 && arguments[2] !== undefined ? arguments[2] : loggerAlias;","","  var binPath = _path2.default.resolve('./node_modules/.bin');","","  // Pick relevant option keys and set default values","  options = {","    env: options.env || process.env,","    cwd: options.cwd,","    async: !!options.async,","    stdio: options.stdio || 'inherit',","    timeout: options.timeout,","    shell: true","  };","","  // Include in PATH node_modules bin path","  options.env.PATH = [binPath, options.env.PATH || process.env.PATH].join(_path2.default.delimiter);","","  logger.info(command);","","  // Handle async call","  if (options.async) {","    return runAsync(command, options);","  }","","  // Handle sync call by default","  return runSync(command, options);","}","","function generate(src, dst, context) {","  console.log('Generating ' + dst + ' from template ' + src);","  var templateString = _fs2.default.readFileSync(src);","  var content = (0, _lodash2.default)(templateString)(context);","  _fs2.default.writeFileSync(dst, content);","}","","function ask(question) {","  var readlineInterface = _readline2.default.createInterface({","    input: process.stdin,","    output: process.stdout","  });","  return new Promise(function (resolve, reject) {","    setTimeout(function () {","      try {","        readlineInterface.question(question + ' ', function (answer) {","          resolve(answer);","          readlineInterface.close();","        });","      } catch (error) {","        reject(error);","        readlineInterface.close();","      }","    }, 0);","  });","}"],"l":{"3":1,"6":1,"7":1,"8":1,"9":1,"11":1,"13":1,"15":1,"17":1,"19":1,"21":1,"23":1,"25":1,"27":1,"29":1,"31":1,"33":1,"35":1,"37":6,"39":1,"41":0,"44":0,"47":3,"49":3,"52":0,"55":1,"59":1,"61":1,"62":0,"63":0,"64":0,"65":0,"67":0,"69":0,"73":1,"74":0,"75":0,"76":0,"78":0,"79":0,"82":0,"83":0,"84":0,"86":0,"90":0,"91":0,"92":0,"96":0,"97":0,"98":0,"99":0,"105":1,"106":0,"107":0,"109":0,"112":0,"122":0,"124":0,"127":0,"128":0,"132":0,"135":1,"136":0,"137":0,"138":0,"139":0,"142":1,"143":0,"147":0,"148":0,"149":0,"150":0,"151":0,"152":0,"155":0,"156":0}},"/home/travis/build/npmtest/node-npmtest-runjs/node_modules/runjs/lib/common.js":{"path":"/home/travis/build/npmtest/node-npmtest-runjs/node_modules/runjs/lib/common.js","s":{"1":1,"2":1,"3":1,"4":1,"5":1,"6":1,"7":1},"b":{"1":[1,1]},"f":{"1":1},"fnMap":{"1":{"name":"RunJSError","line":8,"loc":{"start":{"line":8,"column":0},"end":{"line":8,"column":29}}}},"statementMap":{"1":{"start":{"line":3,"column":0},"end":{"line":5,"column":3}},"2":{"start":{"line":6,"column":0},"end":{"line":6,"column":32}},"3":{"start":{"line":8,"column":0},"end":{"line":11,"column":1}},"4":{"start":{"line":9,"column":2},"end":{"line":9,"column":27}},"5":{"start":{"line":10,"column":2},"end":{"line":10,"column":51}},"6":{"start":{"line":12,"column":0},"end":{"line":12,"column":54}},"7":{"start":{"line":13,"column":0},"end":{"line":13,"column":46}}},"branchMap":{"1":{"line":10,"type":"binary-expr","locations":[{"start":{"line":10,"column":17},"end":{"line":10,"column":24}},{"start":{"line":10,"column":28},"end":{"line":10,"column":50}}]}},"code":["'use strict';","","Object.defineProperty(exports, \"__esModule\", {","  value: true","});","exports.RunJSError = RunJSError;","// Needed to use ES5 inheritance, because of issues with Error subclassing for Babel","function RunJSError(message) {","  this.name = 'RunJSError';","  this.message = message && message.split('\\n')[0]; // assign only first line","}","RunJSError.prototype = Object.create(Error.prototype);","RunJSError.prototype.constructor = RunJSError;"],"l":{"3":1,"6":1,"8":1,"9":1,"10":1,"12":1,"13":1}},"/home/travis/build/npmtest/node-npmtest-runjs/node_modules/runjs/bin/run.js":{"path":"/home/travis/build/npmtest/node-npmtest-runjs/node_modules/runjs/bin/run.js","s":{"1":1,"2":1,"3":1,"4":1,"5":1,"6":1,"7":0,"8":0,"9":0,"10":0,"11":0,"12":1,"13":1,"14":1,"15":0},"b":{"1":[0,0],"2":[1,0]},"f":{},"fnMap":{},"statementMap":{"1":{"start":{"line":3,"column":0},"end":{"line":3,"column":39}},"2":{"start":{"line":4,"column":0},"end":{"line":4,"column":35}},"3":{"start":{"line":5,"column":0},"end":{"line":5,"column":39}},"4":{"start":{"line":7,"column":0},"end":{"line":25,"column":1}},"5":{"start":{"line":8,"column":2},"end":{"line":8,"column":48}},"6":{"start":{"line":9,"column":2},"end":{"line":9,"column":97}},"7":{"start":{"line":10,"column":2},"end":{"line":10,"column":36}},"8":{"start":{"line":12,"column":2},"end":{"line":17,"column":3}},"9":{"start":{"line":13,"column":4},"end":{"line":13,"column":63}},"10":{"start":{"line":14,"column":4},"end":{"line":14,"column":39}},"11":{"start":{"line":16,"column":4},"end":{"line":16,"column":40}},"12":{"start":{"line":19,"column":2},"end":{"line":24,"column":3}},"13":{"start":{"line":20,"column":4},"end":{"line":20,"column":35}},"14":{"start":{"line":21,"column":4},"end":{"line":21,"column":19}},"15":{"start":{"line":23,"column":4},"end":{"line":23,"column":15}}},"branchMap":{"1":{"line":12,"type":"if","locations":[{"start":{"line":12,"column":2},"end":{"line":12,"column":2}},{"start":{"line":12,"column":2},"end":{"line":12,"column":2}}]},"2":{"line":19,"type":"if","locations":[{"start":{"line":19,"column":2},"end":{"line":19,"column":2}},{"start":{"line":19,"column":2},"end":{"line":19,"column":2}}]}},"code":["//#!/usr/bin/env node","'use strict'","const script = require('../lib/script')","const api = require('../lib/index')","const common = require('../lib/common')","","try {","  const config = script.config('./package.json')","  const runfile = script.load('./runfile', config, api.logger, script.requirer, script.hasAccess)","  const ARGV = process.argv.slice(2)","","  if (ARGV.length) {","    let decoratedRunfile = script.decorate(runfile, api.logger)","    script.call(decoratedRunfile, ARGV)","  } else {","    script.describe(runfile, api.logger)","  }","} catch (error) {","  if (error instanceof common.RunJSError) {","    api.logger.error(error.message)","    process.exit(1)","  } else {","    throw error","  }","}",""],"l":{"3":1,"4":1,"5":1,"7":1,"8":1,"9":1,"10":0,"12":0,"13":0,"14":0,"16":0,"19":1,"20":1,"21":1,"23":0}},"/home/travis/build/npmtest/node-npmtest-runjs/node_modules/runjs/lib/script.js":{"path":"/home/travis/build/npmtest/node-npmtest-runjs/node_modules/runjs/lib/script.js","s":{"1":1,"2":1,"3":0,"4":0,"5":1,"6":1,"7":1,"8":1,"9":1,"10":1,"11":1,"12":1,"13":1,"14":1,"15":1,"16":1,"17":1,"18":1,"19":1,"20":3,"21":1,"22":1,"23":1,"24":1,"25":1,"26":1,"27":1,"28":1,"29":1,"30":1,"31":1,"32":1,"33":1,"34":1,"35":0,"36":1,"37":1,"38":1,"39":0,"40":1,"41":1,"42":1,"43":1,"44":0,"45":0,"46":0,"47":0,"48":1,"49":0,"50":0,"51":0,"52":0,"53":0,"54":0,"55":0,"56":0,"57":0,"58":0,"59":0,"60":0,"61":0,"62":0,"63":1,"64":0,"65":0,"66":0,"67":0,"68":0,"69":0,"70":0,"71":0,"72":0,"73":0,"74":0,"75":0,"76":0,"77":0,"78":0,"79":0,"80":0,"81":1,"82":0,"83":0,"84":0,"85":0,"86":0,"87":0,"88":0,"89":0,"90":0,"91":0,"92":0,"93":0,"94":0,"95":0,"96":0,"97":0,"98":0,"99":0,"100":1,"101":0,"102":0,"103":0,"104":0,"105":0,"106":0,"107":0,"108":0,"109":0,"110":0,"111":0,"112":0,"113":0,"114":0,"115":0,"116":0},"b":{"1":[1,0],"2":[1,1],"3":[0,0],"4":[0,0,0,0],"5":[0,3],"6":[3,3],"7":[1,0],"8":[0,1],"9":[0,1],"10":[0,0],"11":[0,0],"12":[0,0],"13":[0,0],"14":[0,0,0],"15":[0,0],"16":[0,0,0],"17":[0,0],"18":[0,0],"19":[0,0],"20":[0,0],"21":[0,0],"22":[0,0],"23":[0,0],"24":[0,0],"25":[0,0],"26":[0,0],"27":[0,0],"28":[0,0],"29":[0,0],"30":[0,0],"31":[0,0],"32":[0,0],"33":[0,0],"34":[0,0],"35":[0,0]},"f":{"1":0,"2":0,"3":3,"4":1,"5":1,"6":1,"7":1,"8":0,"9":0,"10":0,"11":0,"12":0,"13":0,"14":0,"15":0},"fnMap":{"1":{"name":"(anonymous_1)","line":7,"loc":{"start":{"line":7,"column":84},"end":{"line":7,"column":99}}},"2":{"name":"(anonymous_2)","line":7,"loc":{"start":{"line":7,"column":124},"end":{"line":7,"column":139}}},"3":{"name":"_interopRequireDefault","line":31,"loc":{"start":{"line":31,"column":0},"end":{"line":31,"column":37}}},"4":{"name":"requirer","line":33,"loc":{"start":{"line":33,"column":0},"end":{"line":33,"column":28}}},"5":{"name":"hasAccess","line":37,"loc":{"start":{"line":37,"column":0},"end":{"line":37,"column":29}}},"6":{"name":"config","line":41,"loc":{"start":{"line":41,"column":0},"end":{"line":41,"column":26}}},"7":{"name":"load","line":51,"loc":{"start":{"line":51,"column":0},"end":{"line":51,"column":61}}},"8":{"name":"parseArgs","line":83,"loc":{"start":{"line":83,"column":0},"end":{"line":83,"column":25}}},"9":{"name":"(anonymous_9)","line":85,"loc":{"start":{"line":85,"column":29},"end":{"line":85,"column":44}}},"10":{"name":"describe","line":108,"loc":{"start":{"line":108,"column":0},"end":{"line":108,"column":42}}},"11":{"name":"(anonymous_11)","line":113,"loc":{"start":{"line":113,"column":27},"end":{"line":113,"column":42}}},"12":{"name":"decorate","line":136,"loc":{"start":{"line":136,"column":0},"end":{"line":136,"column":42}}},"13":{"name":"(anonymous_13)","line":138,"loc":{"start":{"line":138,"column":27},"end":{"line":138,"column":42}}},"14":{"name":"(anonymous_14)","line":143,"loc":{"start":{"line":143,"column":21},"end":{"line":143,"column":33}}},"15":{"name":"call","line":168,"loc":{"start":{"line":168,"column":0},"end":{"line":168,"column":25}}}},"statementMap":{"1":{"start":{"line":3,"column":0},"end":{"line":5,"column":3}},"2":{"start":{"line":7,"column":0},"end":{"line":7,"column":269}},"3":{"start":{"line":7,"column":101},"end":{"line":7,"column":119}},"4":{"start":{"line":7,"column":141},"end":{"line":7,"column":266}},"5":{"start":{"line":9,"column":0},"end":{"line":9,"column":28}},"6":{"start":{"line":10,"column":0},"end":{"line":10,"column":30}},"7":{"start":{"line":11,"column":0},"end":{"line":11,"column":24}},"8":{"start":{"line":12,"column":0},"end":{"line":12,"column":20}},"9":{"start":{"line":13,"column":0},"end":{"line":13,"column":28}},"10":{"start":{"line":14,"column":0},"end":{"line":14,"column":28}},"11":{"start":{"line":15,"column":0},"end":{"line":15,"column":20}},"12":{"start":{"line":17,"column":0},"end":{"line":17,"column":28}},"13":{"start":{"line":19,"column":0},"end":{"line":19,"column":43}},"14":{"start":{"line":21,"column":0},"end":{"line":21,"column":24}},"15":{"start":{"line":23,"column":0},"end":{"line":23,"column":39}},"16":{"start":{"line":25,"column":0},"end":{"line":25,"column":34}},"17":{"start":{"line":27,"column":0},"end":{"line":27,"column":56}},"18":{"start":{"line":29,"column":0},"end":{"line":29,"column":69}},"19":{"start":{"line":31,"column":0},"end":{"line":31,"column":95}},"20":{"start":{"line":31,"column":39},"end":{"line":31,"column":93}},"21":{"start":{"line":33,"column":0},"end":{"line":35,"column":1}},"22":{"start":{"line":34,"column":2},"end":{"line":34,"column":51}},"23":{"start":{"line":37,"column":0},"end":{"line":39,"column":1}},"24":{"start":{"line":38,"column":2},"end":{"line":38,"column":67}},"25":{"start":{"line":41,"column":0},"end":{"line":49,"column":1}},"26":{"start":{"line":42,"column":2},"end":{"line":42,"column":22}},"27":{"start":{"line":43,"column":2},"end":{"line":47,"column":3}},"28":{"start":{"line":44,"column":4},"end":{"line":44,"column":43}},"29":{"start":{"line":46,"column":4},"end":{"line":46,"column":16}},"30":{"start":{"line":48,"column":2},"end":{"line":48,"column":16}},"31":{"start":{"line":51,"column":0},"end":{"line":81,"column":1}},"32":{"start":{"line":53,"column":2},"end":{"line":65,"column":3}},"33":{"start":{"line":54,"column":4},"end":{"line":54,"column":46}},"34":{"start":{"line":55,"column":4},"end":{"line":59,"column":5}},"35":{"start":{"line":56,"column":6},"end":{"line":56,"column":41}},"36":{"start":{"line":58,"column":6},"end":{"line":58,"column":48}},"37":{"start":{"line":61,"column":4},"end":{"line":61,"column":59}},"38":{"start":{"line":62,"column":4},"end":{"line":64,"column":5}},"39":{"start":{"line":63,"column":6},"end":{"line":63,"column":18}},"40":{"start":{"line":68,"column":2},"end":{"line":68,"column":38}},"41":{"start":{"line":70,"column":2},"end":{"line":74,"column":3}},"42":{"start":{"line":71,"column":4},"end":{"line":71,"column":32}},"43":{"start":{"line":73,"column":4},"end":{"line":73,"column":90}},"44":{"start":{"line":76,"column":2},"end":{"line":76,"column":38}},"45":{"start":{"line":77,"column":2},"end":{"line":79,"column":3}},"46":{"start":{"line":78,"column":4},"end":{"line":78,"column":27}},"47":{"start":{"line":80,"column":2},"end":{"line":80,"column":17}},"48":{"start":{"line":83,"column":0},"end":{"line":106,"column":1}},"49":{"start":{"line":84,"column":2},"end":{"line":84,"column":19}},"50":{"start":{"line":85,"column":2},"end":{"line":100,"column":5}},"51":{"start":{"line":86,"column":4},"end":{"line":86,"column":93}},"52":{"start":{"line":87,"column":4},"end":{"line":87,"column":99}},"53":{"start":{"line":89,"column":4},"end":{"line":92,"column":5}},"54":{"start":{"line":90,"column":6},"end":{"line":90,"column":93}},"55":{"start":{"line":91,"column":6},"end":{"line":91,"column":19}},"56":{"start":{"line":94,"column":4},"end":{"line":97,"column":5}},"57":{"start":{"line":95,"column":6},"end":{"line":95,"column":93}},"58":{"start":{"line":96,"column":6},"end":{"line":96,"column":19}},"59":{"start":{"line":99,"column":4},"end":{"line":99,"column":16}},"60":{"start":{"line":102,"column":2},"end":{"line":104,"column":3}},"61":{"start":{"line":103,"column":4},"end":{"line":103,"column":27}},"62":{"start":{"line":105,"column":2},"end":{"line":105,"column":18}},"63":{"start":{"line":108,"column":0},"end":{"line":134,"column":1}},"64":{"start":{"line":109,"column":2},"end":{"line":111,"column":3}},"65":{"start":{"line":110,"column":4},"end":{"line":110,"column":37}},"66":{"start":{"line":113,"column":2},"end":{"line":133,"column":5}},"67":{"start":{"line":114,"column":4},"end":{"line":114,"column":25}},"68":{"start":{"line":115,"column":4},"end":{"line":115,"column":64}},"69":{"start":{"line":116,"column":4},"end":{"line":116,"column":24}},"70":{"start":{"line":118,"column":4},"end":{"line":132,"column":5}},"71":{"start":{"line":119,"column":6},"end":{"line":119,"column":30}},"72":{"start":{"line":120,"column":6},"end":{"line":124,"column":7}},"73":{"start":{"line":121,"column":8},"end":{"line":121,"column":61}},"74":{"start":{"line":123,"column":8},"end":{"line":123,"column":24}},"75":{"start":{"line":125,"column":6},"end":{"line":125,"column":80}},"76":{"start":{"line":126,"column":6},"end":{"line":126,"column":50}},"77":{"start":{"line":127,"column":6},"end":{"line":129,"column":7}},"78":{"start":{"line":128,"column":8},"end":{"line":128,"column":32}},"79":{"start":{"line":130,"column":11},"end":{"line":132,"column":5}},"80":{"start":{"line":131,"column":6},"end":{"line":131,"column":45}},"81":{"start":{"line":136,"column":0},"end":{"line":166,"column":1}},"82":{"start":{"line":137,"column":2},"end":{"line":137,"column":19}},"83":{"start":{"line":138,"column":2},"end":{"line":164,"column":5}},"84":{"start":{"line":139,"column":4},"end":{"line":139,"column":25}},"85":{"start":{"line":140,"column":4},"end":{"line":140,"column":64}},"86":{"start":{"line":142,"column":4},"end":{"line":159,"column":5}},"87":{"start":{"line":143,"column":6},"end":{"line":158,"column":8}},"88":{"start":{"line":144,"column":8},"end":{"line":144,"column":30}},"89":{"start":{"line":146,"column":8},"end":{"line":148,"column":9}},"90":{"start":{"line":147,"column":10},"end":{"line":147,"column":39}},"91":{"start":{"line":150,"column":8},"end":{"line":154,"column":9}},"92":{"start":{"line":151,"column":10},"end":{"line":151,"column":95}},"93":{"start":{"line":153,"column":10},"end":{"line":153,"column":61}},"94":{"start":{"line":155,"column":8},"end":{"line":155,"column":32}},"95":{"start":{"line":156,"column":8},"end":{"line":156,"column":55}},"96":{"start":{"line":157,"column":8},"end":{"line":157,"column":77}},"97":{"start":{"line":161,"column":4},"end":{"line":163,"column":5}},"98":{"start":{"line":162,"column":6},"end":{"line":162,"column":60}},"99":{"start":{"line":165,"column":2},"end":{"line":165,"column":17}},"100":{"start":{"line":168,"column":0},"end":{"line":194,"column":1}},"101":{"start":{"line":169,"column":2},"end":{"line":169,"column":84}},"102":{"start":{"line":171,"column":2},"end":{"line":171,"column":25}},"103":{"start":{"line":173,"column":2},"end":{"line":176,"column":3}},"104":{"start":{"line":174,"column":4},"end":{"line":174,"column":56}},"105":{"start":{"line":175,"column":4},"end":{"line":175,"column":25}},"106":{"start":{"line":178,"column":2},"end":{"line":178,"column":39}},"107":{"start":{"line":179,"column":2},"end":{"line":179,"column":41}},"108":{"start":{"line":180,"column":2},"end":{"line":180,"column":42}},"109":{"start":{"line":181,"column":2},"end":{"line":181,"column":30}},"110":{"start":{"line":182,"column":2},"end":{"line":182,"column":29}},"111":{"start":{"line":184,"column":2},"end":{"line":189,"column":3}},"112":{"start":{"line":185,"column":4},"end":{"line":185,"column":67}},"113":{"start":{"line":186,"column":4},"end":{"line":188,"column":5}},"114":{"start":{"line":187,"column":6},"end":{"line":187,"column":24}},"115":{"start":{"line":191,"column":2},"end":{"line":193,"column":3}},"116":{"start":{"line":192,"column":4},"end":{"line":192,"column":68}}},"branchMap":{"1":{"line":7,"type":"cond-expr","locations":[{"start":{"line":7,"column":84},"end":{"line":7,"column":121}},{"start":{"line":7,"column":124},"end":{"line":7,"column":268}}]},"2":{"line":7,"type":"binary-expr","locations":[{"start":{"line":7,"column":14},"end":{"line":7,"column":42}},{"start":{"line":7,"column":46},"end":{"line":7,"column":81}}]},"3":{"line":7,"type":"cond-expr","locations":[{"start":{"line":7,"column":244},"end":{"line":7,"column":252}},{"start":{"line":7,"column":255},"end":{"line":7,"column":265}}]},"4":{"line":7,"type":"binary-expr","locations":[{"start":{"line":7,"column":148},"end":{"line":7,"column":151}},{"start":{"line":7,"column":155},"end":{"line":7,"column":183}},{"start":{"line":7,"column":187},"end":{"line":7,"column":213}},{"start":{"line":7,"column":217},"end":{"line":7,"column":241}}]},"5":{"line":31,"type":"cond-expr","locations":[{"start":{"line":31,"column":70},"end":{"line":31,"column":73}},{"start":{"line":31,"column":76},"end":{"line":31,"column":92}}]},"6":{"line":31,"type":"binary-expr","locations":[{"start":{"line":31,"column":46},"end":{"line":31,"column":49}},{"start":{"line":31,"column":53},"end":{"line":31,"column":67}}]},"7":{"line":44,"type":"binary-expr","locations":[{"start":{"line":44,"column":13},"end":{"line":44,"column":36}},{"start":{"line":44,"column":40},"end":{"line":44,"column":42}}]},"8":{"line":55,"type":"if","locations":[{"start":{"line":55,"column":4},"end":{"line":55,"column":4}},{"start":{"line":55,"column":4},"end":{"line":55,"column":4}}]},"9":{"line":62,"type":"if","locations":[{"start":{"line":62,"column":4},"end":{"line":62,"column":4}},{"start":{"line":62,"column":4},"end":{"line":62,"column":4}}]},"10":{"line":77,"type":"if","locations":[{"start":{"line":77,"column":2},"end":{"line":77,"column":2}},{"start":{"line":77,"column":2},"end":{"line":77,"column":2}}]},"11":{"line":86,"type":"binary-expr","locations":[{"start":{"line":86,"column":26},"end":{"line":86,"column":62}},{"start":{"line":86,"column":66},"end":{"line":86,"column":92}}]},"12":{"line":87,"type":"binary-expr","locations":[{"start":{"line":87,"column":26},"end":{"line":87,"column":65}},{"start":{"line":87,"column":69},"end":{"line":87,"column":98}}]},"13":{"line":89,"type":"if","locations":[{"start":{"line":89,"column":4},"end":{"line":89,"column":4}},{"start":{"line":89,"column":4},"end":{"line":89,"column":4}}]},"14":{"line":90,"type":"binary-expr","locations":[{"start":{"line":90,"column":36},"end":{"line":90,"column":62}},{"start":{"line":90,"column":66},"end":{"line":90,"column":84}},{"start":{"line":90,"column":88},"end":{"line":90,"column":92}}]},"15":{"line":94,"type":"if","locations":[{"start":{"line":94,"column":4},"end":{"line":94,"column":4}},{"start":{"line":94,"column":4},"end":{"line":94,"column":4}}]},"16":{"line":95,"type":"binary-expr","locations":[{"start":{"line":95,"column":36},"end":{"line":95,"column":62}},{"start":{"line":95,"column":66},"end":{"line":95,"column":84}},{"start":{"line":95,"column":88},"end":{"line":95,"column":92}}]},"17":{"line":102,"type":"if","locations":[{"start":{"line":102,"column":2},"end":{"line":102,"column":2}},{"start":{"line":102,"column":2},"end":{"line":102,"column":2}}]},"18":{"line":109,"type":"if","locations":[{"start":{"line":109,"column":2},"end":{"line":109,"column":2}},{"start":{"line":109,"column":2},"end":{"line":109,"column":2}}]},"19":{"line":115,"type":"cond-expr","locations":[{"start":{"line":115,"column":36},"end":{"line":115,"column":57}},{"start":{"line":115,"column":60},"end":{"line":115,"column":63}}]},"20":{"line":118,"type":"if","locations":[{"start":{"line":118,"column":4},"end":{"line":118,"column":4}},{"start":{"line":118,"column":4},"end":{"line":118,"column":4}}]},"21":{"line":125,"type":"cond-expr","locations":[{"start":{"line":125,"column":42},"end":{"line":125,"column":74}},{"start":{"line":125,"column":77},"end":{"line":125,"column":79}}]},"22":{"line":127,"type":"if","locations":[{"start":{"line":127,"column":6},"end":{"line":127,"column":6}},{"start":{"line":127,"column":6},"end":{"line":127,"column":6}}]},"23":{"line":130,"type":"if","locations":[{"start":{"line":130,"column":11},"end":{"line":130,"column":11}},{"start":{"line":130,"column":11},"end":{"line":130,"column":11}}]},"24":{"line":130,"type":"cond-expr","locations":[{"start":{"line":130,"column":47},"end":{"line":130,"column":58}},{"start":{"line":130,"column":61},"end":{"line":130,"column":75}}]},"25":{"line":140,"type":"cond-expr","locations":[{"start":{"line":140,"column":36},"end":{"line":140,"column":57}},{"start":{"line":140,"column":60},"end":{"line":140,"column":63}}]},"26":{"line":142,"type":"if","locations":[{"start":{"line":142,"column":4},"end":{"line":142,"column":4}},{"start":{"line":142,"column":4},"end":{"line":142,"column":4}}]},"27":{"line":150,"type":"if","locations":[{"start":{"line":150,"column":8},"end":{"line":150,"column":8}},{"start":{"line":150,"column":8},"end":{"line":150,"column":8}}]},"28":{"line":161,"type":"if","locations":[{"start":{"line":161,"column":4},"end":{"line":161,"column":4}},{"start":{"line":161,"column":4},"end":{"line":161,"column":4}}]},"29":{"line":161,"type":"cond-expr","locations":[{"start":{"line":161,"column":40},"end":{"line":161,"column":51}},{"start":{"line":161,"column":54},"end":{"line":161,"column":68}}]},"30":{"line":169,"type":"cond-expr","locations":[{"start":{"line":169,"column":67},"end":{"line":169,"column":79}},{"start":{"line":169,"column":82},"end":{"line":169,"column":83}}]},"31":{"line":169,"type":"binary-expr","locations":[{"start":{"line":169,"column":14},"end":{"line":169,"column":34}},{"start":{"line":169,"column":38},"end":{"line":169,"column":64}}]},"32":{"line":173,"type":"if","locations":[{"start":{"line":173,"column":2},"end":{"line":173,"column":2}},{"start":{"line":173,"column":2},"end":{"line":173,"column":2}}]},"33":{"line":184,"type":"if","locations":[{"start":{"line":184,"column":2},"end":{"line":184,"column":2}},{"start":{"line":184,"column":2},"end":{"line":184,"column":2}}]},"34":{"line":186,"type":"if","locations":[{"start":{"line":186,"column":4},"end":{"line":186,"column":4}},{"start":{"line":186,"column":4},"end":{"line":186,"column":4}}]},"35":{"line":191,"type":"if","locations":[{"start":{"line":191,"column":2},"end":{"line":191,"column":2}},{"start":{"line":191,"column":2},"end":{"line":191,"column":2}}]}},"code":["'use strict';","","Object.defineProperty(exports, \"__esModule\", {","  value: true","});","","var _typeof = typeof Symbol === \"function\" && typeof Symbol.iterator === \"symbol\" ? function (obj) { return typeof obj; } : function (obj) { return obj && typeof Symbol === \"function\" && obj.constructor === Symbol && obj !== Symbol.prototype ? \"symbol\" : typeof obj; };","","exports.requirer = requirer;","exports.hasAccess = hasAccess;","exports.config = config;","exports.load = load;","exports.describe = describe;","exports.decorate = decorate;","exports.call = call;","","var _path = require('path');","","var _path2 = _interopRequireDefault(_path);","","var _fs = require('fs');","","var _fs2 = _interopRequireDefault(_fs);","","var _common = require('./common');","","var _getParameterNames = require('get-parameter-names');","","var _getParameterNames2 = _interopRequireDefault(_getParameterNames);","","function _interopRequireDefault(obj) { return obj && obj.__esModule ? obj : { default: obj }; }","","function requirer(filePath) {","  return require(_path2.default.resolve(filePath));","}","","function hasAccess(filePath) {","  return _fs2.default.accessSync(_path2.default.resolve(filePath));","}","","function config(filePath) {","  var config = void 0;","  try {","    config = require(filePath).runjs || {};","  } catch (error) {","    config = {};","  }","  return config;","}","","function load(runfilePath, config, logger, requirer, access) {","  // try to load babel-register","  try {","    logger.log('Requiring babel-register...');","    if (config['babel-register']) {","      requirer(config['babel-register']);","    } else {","      requirer('./node_modules/babel-register');","    }","  } catch (error) {","    logger.log('Requiring failed. Fallback to pure node.');","    if (config['babel-register']) {","      throw error;","    }","  }","","  // process runfile.js","  logger.log('Processing runfile...');","","  try {","    access(runfilePath + '.js');","  } catch (error) {","    throw new _common.RunJSError('No ' + runfilePath + '.js defined in ' + process.cwd());","  }","","  var runfile = requirer(runfilePath);","  if (runfile.default) {","    return runfile.default;","  }","  return runfile;","}","","function parseArgs(args) {","  var options = {};","  var nextArgs = args.filter(function (arg) {","    var doubleDashMatch = arg.match(/^--([\\w-.]+)=([\\w-.]*)$/) || arg.match(/^--([\\w-.]+)$/);","    var singleDashMatch = arg.match(/^-(?!-)([\\w-.])=([\\w-.]*)$/) || arg.match(/^-(?!-)([\\w-.])$/);","","    if (singleDashMatch) {","      options[singleDashMatch[1]] = Number(singleDashMatch[2]) || singleDashMatch[2] || true;","      return false;","    }","","    if (doubleDashMatch) {","      options[doubleDashMatch[1]] = Number(doubleDashMatch[2]) || doubleDashMatch[2] || true;","      return false;","    }","","    return true;","  });","","  if (Object.keys(options).length) {","    nextArgs.push(options);","  }","  return nextArgs;","}","","function describe(obj, logger, namespace) {","  if (!namespace) {","    logger.debug('Available tasks:');","  }","","  Object.keys(obj).forEach(function (key) {","    var value = obj[key];","    var nextNamespace = namespace ? namespace + ':' + key : key;","    var doc = value.doc;","","    if (typeof value === 'function') {","      var funcParams = void 0;","      try {","        funcParams = (0, _getParameterNames2.default)(value);","      } catch (error) {","        funcParams = [];","      }","      var paramsDoc = funcParams.length ? '[' + funcParams.join(' ') + ']' : '';","      logger.info('\\n', nextNamespace, paramsDoc);","      if (doc) {","        logger.log('   ' + doc);","      }","    } else if ((typeof value === 'undefined' ? 'undefined' : _typeof(value)) === 'object') {","      describe(value, logger, nextNamespace);","    }","  });","}","","function decorate(obj, logger, namespace) {","  var nextObj = {};","  Object.keys(obj).forEach(function (key) {","    var value = obj[key];","    var nextNamespace = namespace ? namespace + ':' + key : key;","","    if (typeof value === 'function') {","      nextObj[key] = function () {","        var time = Date.now();","","        for (var _len = arguments.length, args = Array(_len), _key = 0; _key < _len; _key++) {","          args[_key] = arguments[_key];","        }","","        if (args.length) {","          logger.debug('Running \"' + nextNamespace + '\" with ' + JSON.stringify(args) + '...');","        } else {","          logger.debug('Running \"' + nextNamespace + '\"...');","        }","        value.apply(null, args);","        time = ((Date.now() - time) / 1000).toFixed(2);","        logger.debug('Finished \"' + nextNamespace + '\" in ' + time + ' sec');","      };","    }","","    if ((typeof value === 'undefined' ? 'undefined' : _typeof(value)) === 'object') {","      nextObj[key] = decorate(value, logger, nextNamespace);","    }","  });","  return nextObj;","}","","function call(obj, args) {","  var depth = arguments.length > 2 && arguments[2] !== undefined ? arguments[2] : 0;","","  var taskName = args[0];","","  if (typeof obj[taskName] === 'function') {","    obj[taskName].apply(null, parseArgs(args.slice(1)));","    return obj[taskName];","  }","","  var namespaces = taskName.split(':');","  var rootNamespace = namespaces.shift();","  var nextTaskName = namespaces.join(':');","  var nextArgs = args.slice();","  nextArgs[0] = nextTaskName;","","  if (obj[rootNamespace]) {","    var calledTask = call(obj[rootNamespace], nextArgs, depth + 1);","    if (calledTask) {","      return calledTask;","    }","  }","","  if (!depth) {","    throw new _common.RunJSError('Task ' + taskName + ' not found');","  }","}"],"l":{"3":1,"7":1,"9":1,"10":1,"11":1,"12":1,"13":1,"14":1,"15":1,"17":1,"19":1,"21":1,"23":1,"25":1,"27":1,"29":1,"31":3,"33":1,"34":1,"37":1,"38":1,"41":1,"42":1,"43":1,"44":1,"46":1,"48":1,"51":1,"53":1,"54":1,"55":1,"56":0,"58":1,"61":1,"62":1,"63":0,"68":1,"70":1,"71":1,"73":1,"76":0,"77":0,"78":0,"80":0,"83":1,"84":0,"85":0,"86":0,"87":0,"89":0,"90":0,"91":0,"94":0,"95":0,"96":0,"99":0,"102":0,"103":0,"105":0,"108":1,"109":0,"110":0,"113":0,"114":0,"115":0,"116":0,"118":0,"119":0,"120":0,"121":0,"123":0,"125":0,"126":0,"127":0,"128":0,"130":0,"131":0,"136":1,"137":0,"138":0,"139":0,"140":0,"142":0,"143":0,"144":0,"146":0,"147":0,"150":0,"151":0,"153":0,"155":0,"156":0,"157":0,"161":0,"162":0,"165":0,"168":1,"169":0,"171":0,"173":0,"174":0,"175":0,"178":0,"179":0,"180":0,"181":0,"182":0,"184":0,"185":0,"186":0,"187":0,"191":0,"192":0}},"/home/travis/build/npmtest/node-npmtest-runjs/node_modules/runjs/lib/utils.js":{"path":"/home/travis/build/npmtest/node-npmtest-runjs/node_modules/runjs/lib/utils.js","s":{"1":1,"2":1,"3":1,"4":1,"5":1,"6":1,"7":1,"8":1,"9":0,"10":0,"11":1,"12":1,"13":1,"14":0,"15":0,"16":0,"17":0,"18":0,"19":0},"b":{"1":[0,1],"2":[1,1],"3":[0,0]},"f":{"1":1,"2":0,"3":0,"4":0,"5":0,"6":0,"7":0},"fnMap":{"1":{"name":"_interopRequireDefault","line":13,"loc":{"start":{"line":13,"column":0},"end":{"line":13,"column":37}}},"2":{"name":"RunJSError","line":16,"loc":{"start":{"line":16,"column":0},"end":{"line":16,"column":29}}},"3":{"name":"debug","line":24,"loc":{"start":{"line":24,"column":9},"end":{"line":24,"column":26}}},"4":{"name":"info","line":27,"loc":{"start":{"line":27,"column":8},"end":{"line":27,"column":24}}},"5":{"name":"log","line":30,"loc":{"start":{"line":30,"column":7},"end":{"line":30,"column":22}}},"6":{"name":"warning","line":35,"loc":{"start":{"line":35,"column":11},"end":{"line":35,"column":30}}},"7":{"name":"error","line":38,"loc":{"start":{"line":38,"column":9},"end":{"line":38,"column":26}}}},"statementMap":{"1":{"start":{"line":3,"column":0},"end":{"line":5,"column":3}},"2":{"start":{"line":6,"column":0},"end":{"line":6,"column":27}},"3":{"start":{"line":7,"column":0},"end":{"line":7,"column":32}},"4":{"start":{"line":9,"column":0},"end":{"line":9,"column":30}},"5":{"start":{"line":11,"column":0},"end":{"line":11,"column":45}},"6":{"start":{"line":13,"column":0},"end":{"line":13,"column":95}},"7":{"start":{"line":13,"column":39},"end":{"line":13,"column":93}},"8":{"start":{"line":16,"column":0},"end":{"line":19,"column":1}},"9":{"start":{"line":17,"column":2},"end":{"line":17,"column":27}},"10":{"start":{"line":18,"column":2},"end":{"line":18,"column":51}},"11":{"start":{"line":20,"column":0},"end":{"line":20,"column":54}},"12":{"start":{"line":21,"column":0},"end":{"line":21,"column":46}},"13":{"start":{"line":23,"column":0},"end":{"line":41,"column":2}},"14":{"start":{"line":25,"column":4},"end":{"line":25,"column":72}},"15":{"start":{"line":28,"column":4},"end":{"line":28,"column":72}},"16":{"start":{"line":31,"column":4},"end":{"line":31,"column":17}},"17":{"start":{"line":33,"column":4},"end":{"line":33,"column":56}},"18":{"start":{"line":36,"column":4},"end":{"line":36,"column":75}},"19":{"start":{"line":39,"column":4},"end":{"line":39,"column":73}}},"branchMap":{"1":{"line":13,"type":"cond-expr","locations":[{"start":{"line":13,"column":70},"end":{"line":13,"column":73}},{"start":{"line":13,"column":76},"end":{"line":13,"column":92}}]},"2":{"line":13,"type":"binary-expr","locations":[{"start":{"line":13,"column":46},"end":{"line":13,"column":49}},{"start":{"line":13,"column":53},"end":{"line":13,"column":67}}]},"3":{"line":18,"type":"binary-expr","locations":[{"start":{"line":18,"column":17},"end":{"line":18,"column":24}},{"start":{"line":18,"column":28},"end":{"line":18,"column":50}}]}},"code":["'use strict';","","Object.defineProperty(exports, \"__esModule\", {","  value: true","});","exports.logger = undefined;","exports.RunJSError = RunJSError;","","var _chalk = require('chalk');","","var _chalk2 = _interopRequireDefault(_chalk);","","function _interopRequireDefault(obj) { return obj && obj.__esModule ? obj : { default: obj }; }","","// Needed to use ES5 inheritance, because of issues with Error subclassing for Babel","function RunJSError(message) {","  this.name = 'RunJSError';","  this.message = message && message.split('\\n')[0]; // assign only first line","}","RunJSError.prototype = Object.create(Error.prototype);","RunJSError.prototype.constructor = RunJSError;","","var logger = exports.logger = {","  debug: function debug() {","    console.log(_chalk2.default.blue.apply(_chalk2.default, arguments));","  },","  info: function info() {","    console.log(_chalk2.default.bold.apply(_chalk2.default, arguments));","  },","  log: function log() {","    var _console;","","    (_console = console).log.apply(_console, arguments);","  },","  warning: function warning() {","    console.warn(_chalk2.default.yellow.apply(_chalk2.default, arguments));","  },","  error: function error() {","    console.error(_chalk2.default.red.apply(_chalk2.default, arguments));","  }","};"],"l":{"3":1,"6":1,"7":1,"9":1,"11":1,"13":1,"16":1,"17":0,"18":0,"20":1,"21":1,"23":1,"25":0,"28":0,"31":0,"33":0,"36":0,"39":0}}}